<?xml version="1.0" encoding="utf-8"?>
<TestRun id="6db7ef3f-226f-40c0-935e-4d918f00821c" name="RobertoHilarioVásque@RFACIL-07-DEV 2026-08-14 14:06:28" runUser="AzureAD\RobertoHilarioVásque" xmlns="http://microsoft.com/schemas/VisualStudio/TeamTest/2010">
  <Times creation="2026-08-14T14:06:28.9368167-06:00" queuing="2026-08-14T14:06:28.9368168-06:00" start="2026-08-14T14:06:27.5621321-06:00" finish="2026-08-14T14:06:34.1388501-06:00" />
  <TestSettings name="default" id="e4837eab-8d76-49ac-8a5a-38ef8fca4913">
    <Deployment runDeploymentRoot="RobertoHilarioVásque_RFACIL-07-DEV_2026-08-14_14_06_28" />
  </TestSettings>
  <Results>
    <UnitTestResult executionId="d4ab858e-86be-43e5-924a-8de34d3166cb" testId="ab170e9f-026d-73a0-0ba6-c76d359fc686" testName="AppointVaAPI.Tests.ListaEsperaAutomatizacionTests.ExpirarYNotificarSiguiente_EntradaNotificada_MarcaExpiradoYNotificaSiguiente" computerName="RFACIL-07-DEV" duration="00:00:00.0024209" startTime="2026-08-14T14:06:33.8021436-06:00" endTime="2026-08-14T14:06:33.8038024-06:00" testType="13cdc9d9-ddb5-4fa4-a97d-d965ccfc6d4b" outcome="Passed" testListId="8c84fa94-04c1-424b-9868-57a2d4851a1d" relativeResultsDirectory="d4ab858e-86be-43e5-924a-8de34d3166cb" />
    <UnitTestResult executionId="ce5e7a15-bccb-4ec5-9d2d-92c6338e3b5d" testId="bd0ae694-cfc6-2e85-050c-a4aac91a02a9" testName="AppointVaAPI.Tests.Services.EmailTemplatesTests.PlantillaCancelacion_ContainsExpectedContent" computerName="RFACIL-07-DEV" duration="00:00:00.0004092" startTime="2026-08-14T14:06:28.9989878-06:00" endTime="2026-08-14T14:06:28.9993483-06:00" testType="13cdc9d9-ddb5-4fa4-a97d-d965ccfc6d4b" outcome="Passed" testListId="8c84fa94-04c1-424b-9868-57a2d4851a1d" relativeResultsDirectory="ce5e7a15-bccb-4ec5-9d2d-92c6338e3b5d" />
    <UnitTestResult executionId="cfdafd38-ea11-47a7-a346-20b32c8f7ca2" testId="de47bddd-6499-ade1-7725-cbdd389bd832" testName="AppointVaAPI.Tests.Controllers.CitasControllerPlanLimitTests.Crear_Retorna400_CuandoFechaEnElPasado" computerName="RFACIL-07-DEV" duration="00:00:01.5940292" startTime="2026-08-14T14:06:28.6299490-06:00" endTime="2026-08-14T14:06:30.2100377-06:00" testType="13cdc9d9-ddb5-4fa4-a97d-d965ccfc6d4b" outcome="Passed" testListId="8c84fa94-04c1-424b-9868-57a2d4851a1d" relativeResultsDirectory="cfdafd38-ea11-47a7-a346-20b32c8f7ca2" />
    <UnitTestResult executionId="7a69a07c-38a0-4759-be1b-6f944fa4fde2" testId="acdb5eb9-fd28-de85-a7be-bc89839112e8" testName="AppointVaAPI.Tests.Controllers.PublicoControllerCrearCitaTests.ConEmail_EncolarNotificacionPush" computerName="RFACIL-07-DEV" duration="00:00:00.0562785" startTime="2026-08-14T14:06:30.3417719-06:00" endTime="2026-08-14T14:06:30.3980562-06:00" testType="13cdc9d9-ddb5-4fa4-a97d-d965ccfc6d4b" outcome="Passed" testListId="8c84fa94-04c1-424b-9868-57a2d4851a1d" relativeResultsDirectory="7a69a07c-38a0-4759-be1b-6f944fa4fde2" />
    <UnitTestResult executionId="02dda3e8-d9be-48e4-a5e9-da1648a68084" testId="7b9054a0-6e7d-a41a-2d38-269d6cf0fcbf" testName="AppointVaAPI.Tests.PoliticaCancelacionTests.SinPolitica_SiemprePuedeCancel" computerName="RFACIL-07-DEV" duration="00:00:00.0001499" startTime="2026-08-14T14:06:31.8250625-06:00" endTime="2026-08-14T14:06:31.8251058-06:00" testType="13cdc9d9-ddb5-4fa4-a97d-d965ccfc6d4b" outcome="Passed" testListId="8c84fa94-04c1-424b-9868-57a2d4851a1d" relativeResultsDirectory="02dda3e8-d9be-48e4-a5e9-da1648a68084" />
    <UnitTestResult executionId="a2621834-1032-4ccf-bc27-6dfca66fa299" testId="46585362-342b-846d-7e6f-cd25262f1abe" testName="AppointVaAPI.Tests.EsConflictoSerializacionTests.Con_Excepcion_Postgres_Codigo_40001_Retorna_True" computerName="RFACIL-07-DEV" duration="00:00:00.0000939" startTime="2026-08-14T14:06:32.0760462-06:00" endTime="2026-08-14T14:06:32.0760868-06:00" testType="13cdc9d9-ddb5-4fa4-a97d-d965ccfc6d4b" outcome="Passed" testListId="8c84fa94-04c1-424b-9868-57a2d4851a1d" relativeResultsDirectory="a2621834-1032-4ccf-bc27-6dfca66fa299" />
    <UnitTestResult executionId="41127d60-fa7f-483e-8487-183e59715123" testId="8cddac7e-ab45-1f39-4894-25014c8ce73d" testName="AppointVaAPI.Tests.CalculosUtcTests.InicioSemana_EsLunesAnterior_CuandoHoyEsMiercoles" computerName="RFACIL-07-DEV" duration="00:00:00.0001303" startTime="2026-08-14T14:06:32.4718845-06:00" endTime="2026-08-14T14:06:32.4719681-06:00" testType="13cdc9d9-ddb5-4fa4-a97d-d965ccfc6d4b" outcome="Passed" testListId="8c84fa94-04c1-424b-9868-57a2d4851a1d" relativeResultsDirectory="41127d60-fa7f-483e-8487-183e59715123" />
    <UnitTestResult executionId="53e17ff6-a8f9-4b0f-a767-efda2f600884" testId="b531c0cf-ebed-ca1f-2429-977b67050472" testName="AppointVaAPI.Tests.CalculosUtcTests.Slot_Pasado_NoDebeOfrecerse" computerName="RFACIL-07-DEV" duration="00:00:00.0001128" startTime="2026-08-14T14:06:32.4715800-06:00" endTime="2026-08-14T14:06:32.4716747-06:00" testType="13cdc9d9-ddb5-4fa4-a97d-d965ccfc6d4b" outcome="Passed" testListId="8c84fa94-04c1-424b-9868-57a2d4851a1d" relativeResultsDirectory="53e17ff6-a8f9-4b0f-a767-efda2f600884" />
    <UnitTestResult executionId="69cd86ad-ad3d-4852-aa83-02f06164809a" testId="8474d460-73d5-355e-fdda-56bcd2cf73f0" testName="AppointVaAPI.Tests.Controllers.Integration.MetricasAdminIntegrationTests.NegociosMetricas_SinToken_Retorna401" computerName="RFACIL-07-DEV" duration="00:00:00.0066612" startTime="2026-08-14T14:06:33.6636700-06:00" endTime="2026-08-14T14:06:33.6900557-06:00" testType="13cdc9d9-ddb5-4fa4-a97d-d965ccfc6d4b" outcome="Passed" testListId="8c84fa94-04c1-424b-9868-57a2d4851a1d" relativeResultsDirectory="69cd86ad-ad3d-4852-aa83-02f06164809a" />
    <UnitTestResult executionId="4a4ef99c-6eb1-469e-943c-429edf974372" testId="bb4f2155-b7d6-2a7a-0026-02c6749b1153" testName="AppointVaAPI.Tests.BarraProgresoLogicTests.Color_PorUmbrales(pct: 60, colorEsperado: &quot;ambar&quot;)" computerName="RFACIL-07-DEV" duration="00:00:00.0000105" startTime="2026-08-14T14:06:31.8184437-06:00" endTime="2026-08-14T14:06:31.8185038-06:00" testType="13cdc9d9-ddb5-4fa4-a97d-d965ccfc6d4b" outcome="Passed" testListId="8c84fa94-04c1-424b-9868-57a2d4851a1d" relativeResultsDirectory="4a4ef99c-6eb1-469e-943c-429edf974372" />
    <UnitTestResult executionId="6c314940-ab01-4e15-9dd9-75c92cbec609" testId="87450323-e27c-ced4-208b-0349c2b29753" testName="AppointVaAPI.Tests.PlanLimitTests.PlanLimite1_SegundaCita_Bloquea" computerName="RFACIL-07-DEV" duration="00:00:00.0000636" startTime="2026-08-14T14:06:28.9266924-06:00" endTime="2026-08-14T14:06:28.9267123-06:00" testType="13cdc9d9-ddb5-4fa4-a97d-d965ccfc6d4b" outcome="Passed" testListId="8c84fa94-04c1-424b-9868-57a2d4851a1d" relativeResultsDirectory="6c314940-ab01-4e15-9dd9-75c92cbec609" />
    <UnitTestResult executionId="0bf9f617-fc4c-4a8c-97ef-8a76e37db540" testId="44e32c23-7512-4388-6c8b-f230999083c2" testName="AppointVaAPI.Tests.CalculosUtcTests.Slot_Futuro_DebeOfrecerse" computerName="RFACIL-07-DEV" duration="00:00:00.0000940" startTime="2026-08-14T14:06:32.4721719-06:00" endTime="2026-08-14T14:06:32.4722520-06:00" testType="13cdc9d9-ddb5-4fa4-a97d-d965ccfc6d4b" outcome="Passed" testListId="8c84fa94-04c1-424b-9868-57a2d4851a1d" relativeResultsDirectory="0bf9f617-fc4c-4a8c-97ef-8a76e37db540" />
    <UnitTestResult executionId="15cd50fa-5cee-4b8f-8a48-09bacca91b88" testId="fe39d3a9-234e-97ee-a882-049b81e78789" testName="AppointVaAPI.Tests.CalculosUtcTests.HoyInicio_EsMedianoche" computerName="RFACIL-07-DEV" duration="00:00:00.0005229" startTime="2026-08-14T14:06:32.4700078-06:00" endTime="2026-08-14T14:06:32.4703500-06:00" testType="13cdc9d9-ddb5-4fa4-a97d-d965ccfc6d4b" outcome="Passed" testListId="8c84fa94-04c1-424b-9868-57a2d4851a1d" relativeResultsDirectory="15cd50fa-5cee-4b8f-8a48-09bacca91b88" />
    <UnitTestResult executionId="42d56fac-5563-463d-b74f-a473412f314a" testId="460fc77b-7056-65b1-5100-9d9d5024eeef" testName="AppointVaAPI.Tests.Controllers.PublicoControllerCrearCitaTests.RetornaBadRequest_CuandoEmpleadoNoOfreceServicio" computerName="RFACIL-07-DEV" duration="00:00:00.0010258" startTime="2026-08-14T14:06:30.4054126-06:00" endTime="2026-08-14T14:06:30.4064814-06:00" testType="13cdc9d9-ddb5-4fa4-a97d-d965ccfc6d4b" outcome="Passed" testListId="8c84fa94-04c1-424b-9868-57a2d4851a1d" relativeResultsDirectory="42d56fac-5563-463d-b74f-a473412f314a" />
    <UnitTestResult executionId="a8255784-66f7-425b-8b44-0ec8cdb25e13" testId="25024b66-26a3-a857-09b8-89ee037bb7d6" testName="AppointVaAPI.Tests.Services.EmailTemplatesTests.PlantillaRecordatorio_ContainsExpectedContent" computerName="RFACIL-07-DEV" duration="00:00:00.0004243" startTime="2026-08-14T14:06:29.0155232-06:00" endTime="2026-08-14T14:06:29.0156245-06:00" testType="13cdc9d9-ddb5-4fa4-a97d-d965ccfc6d4b" outcome="Failed" testListId="8c84fa94-04c1-424b-9868-57a2d4851a1d" relativeResultsDirectory="a8255784-66f7-425b-8b44-0ec8cdb25e13">
      <Output>
        <ErrorInfo>
          <Message>System.Reflection.TargetParameterCountException : Parameter count mismatch.</Message>
          <StackTrace>   at System.Reflection.MethodBaseInvoker.ThrowTargetParameterCountException()&#xD;
   at System.Reflection.RuntimeMethodInfo.Invoke(Object obj, BindingFlags invokeAttr, Binder binder, Object[] parameters, CultureInfo culture)&#xD;
   at System.Reflection.MethodBase.Invoke(Object obj, Object[] parameters)&#xD;
   at AppointVaAPI.Tests.Services.EmailTemplatesTests.Invoke(String methodName, Object[] args) in C:\Cursos\AppointVa\Back\AppointVaAPI\AppointVaAPI.Tests\Services\EmailTemplatesTests.cs:line 23&#xD;
   at AppointVaAPI.Tests.Services.EmailTemplatesTests.PlantillaRecordatorio_ContainsExpectedContent() in C:\Cursos\AppointVa\Back\AppointVaAPI\AppointVaAPI.Tests\Services\EmailTemplatesTests.cs:line 200&#xD;
   at System.Reflection.MethodBaseInvoker.InterpretedInvoke_Method(Object obj, IntPtr* args)&#xD;
   at System.Reflection.MethodBaseInvoker.InvokeWithNoArgs(Object obj, BindingFlags invokeAttr)</StackTrace>
        </ErrorInfo>
      </Output>
    </UnitTestResult>
    <UnitTestResult executionId="a8bc9b71-4da2-49a1-953e-3405e3c8c9bf" testId="e199542a-7d42-0463-e929-5f50d60cec68" testName="AppointVaAPI.Tests.Controllers.Integration.PublicoAnticipoTests.CrearCita_NegocioSinAnticipo_SnapshotFalse" computerName="RFACIL-07-DEV" duration="00:00:00.0268337" startTime="2026-08-14T14:06:33.7530722-06:00" endTime="2026-08-14T14:06:33.7799447-06:00" testType="13cdc9d9-ddb5-4fa4-a97d-d965ccfc6d4b" outcome="Passed" testListId="8c84fa94-04c1-424b-9868-57a2d4851a1d" relativeResultsDirectory="a8bc9b71-4da2-49a1-953e-3405e3c8c9bf" />
    <UnitTestResult executionId="7d692c45-0695-42cb-a436-3e4116aceaab" testId="0c8ef250-178f-aecb-24cd-2c1f4a208b23" testName="AppointVaAPI.Tests.Controllers.Integration.PlanesControllerIntegrationTests.Listar_ConPropietario_Retorna403" computerName="RFACIL-07-DEV" duration="00:00:00.0065375" startTime="2026-08-14T14:06:33.5782397-06:00" endTime="2026-08-14T14:06:33.5864220-06:00" testType="13cdc9d9-ddb5-4fa4-a97d-d965ccfc6d4b" outcome="Passed" testListId="8c84fa94-04c1-424b-9868-57a2d4851a1d" relativeResultsDirectory="7d692c45-0695-42cb-a436-3e4116aceaab" />
    <UnitTestResult executionId="0e624971-abb2-4eba-a7d0-b20f9e632ee0" testId="39d6ab40-bbba-1c47-6380-0727af5a58a4" testName="AppointVaAPI.Tests.Services.EmailTemplatesTests.PlantillaConfirmacion_Pendiente_ContainsAmberStripeAndPendingTitle" computerName="RFACIL-07-DEV" duration="00:00:00.0003231" startTime="2026-08-14T14:06:29.0009341-06:00" endTime="2026-08-14T14:06:29.0012308-06:00" testType="13cdc9d9-ddb5-4fa4-a97d-d965ccfc6d4b" outcome="Passed" testListId="8c84fa94-04c1-424b-9868-57a2d4851a1d" relativeResultsDirectory="0e624971-abb2-4eba-a7d0-b20f9e632ee0" />
    <UnitTestResult executionId="1be06bf6-bb8c-4d6e-a320-c69d3d90ef30" testId="27bd8592-34c6-13f3-c5b3-e44a277241b3" testName="AppointVaAPI.Tests.Controllers.Integration.PublicoAnticipoTests.CrearCita_NegocioConAnticipo_SnapshotCorrecto" computerName="RFACIL-07-DEV" duration="00:00:05.1392856" startTime="2026-08-14T14:06:28.6299954-06:00" endTime="2026-08-14T14:06:33.7528321-06:00" testType="13cdc9d9-ddb5-4fa4-a97d-d965ccfc6d4b" outcome="Passed" testListId="8c84fa94-04c1-424b-9868-57a2d4851a1d" relativeResultsDirectory="1be06bf6-bb8c-4d6e-a320-c69d3d90ef30" />
    <UnitTestResult executionId="798d68a1-ba80-401c-a5ea-d2641869216b" testId="7ba02f28-0fb4-49ac-9794-bc6ca63e5e81" testName="AppointVaAPI.Tests.Controllers.CitasControllerPlanLimitTests.Crear_Retorna402_CuandoCitasMesSuperaPlanLimite" computerName="RFACIL-07-DEV" duration="00:00:00.0017422" startTime="2026-08-14T14:06:30.3797041-06:00" endTime="2026-08-14T14:06:30.3813327-06:00" testType="13cdc9d9-ddb5-4fa4-a97d-d965ccfc6d4b" outcome="Passed" testListId="8c84fa94-04c1-424b-9868-57a2d4851a1d" relativeResultsDirectory="798d68a1-ba80-401c-a5ea-d2641869216b" />
    <UnitTestResult executionId="d92922fb-6d3f-4f7d-be58-5c68dc6cae85" testId="c7eff105-f824-dde2-036c-f8701c9de2ac" testName="AppointVaAPI.Tests.Controllers.Integration.DescuentosControllerIntegrationTests.Listar_ConPropietario_PasaGateDeAuth" computerName="RFACIL-07-DEV" duration="00:00:00.0653202" startTime="2026-08-14T14:06:33.5349206-06:00" endTime="2026-08-14T14:06:33.6022099-06:00" testType="13cdc9d9-ddb5-4fa4-a97d-d965ccfc6d4b" outcome="Passed" testListId="8c84fa94-04c1-424b-9868-57a2d4851a1d" relativeResultsDirectory="d92922fb-6d3f-4f7d-be58-5c68dc6cae85" />
    <UnitTestResult executionId="48348824-8923-4122-a0c1-48890b689c2a" testId="d6472399-c644-0d50-4bba-3e0549b9fc56" testName="AppointVaAPI.Tests.Controllers.Integration.PublicoControllerIntegrationTests.MisCitas_SlugInexistente_NoRequiereAuth" computerName="RFACIL-07-DEV" duration="00:00:04.5052896" startTime="2026-08-14T14:06:29.0170669-06:00" endTime="2026-08-14T14:06:33.5179944-06:00" testType="13cdc9d9-ddb5-4fa4-a97d-d965ccfc6d4b" outcome="Passed" testListId="8c84fa94-04c1-424b-9868-57a2d4851a1d" relativeResultsDirectory="48348824-8923-4122-a0c1-48890b689c2a" />
    <UnitTestResult executionId="c0fe1d1a-3442-4989-b598-7bb9e917def7" testId="deb5ac90-524e-3321-12df-1a8ab871aacd" testName="AppointVaAPI.Tests.Controllers.Integration.BookingFlowIntegrationTests.ReagendarCita_EmailIncorrecto_Retorna403" computerName="RFACIL-07-DEV" duration="00:00:00.0068602" startTime="2026-08-14T14:06:33.9154863-06:00" endTime="2026-08-14T14:06:33.9223665-06:00" testType="13cdc9d9-ddb5-4fa4-a97d-d965ccfc6d4b" outcome="Passed" testListId="8c84fa94-04c1-424b-9868-57a2d4851a1d" relativeResultsDirectory="c0fe1d1a-3442-4989-b598-7bb9e917def7" />
    <UnitTestResult executionId="d741d27f-94b4-4ecb-a7fd-eb65c7e3a8d5" testId="100ab308-a498-23da-d31f-d69b7084adf2" testName="AppointVaAPI.Tests.SlotSolapamientoTests.CitaSolapeInicio_Solapa" computerName="RFACIL-07-DEV" duration="00:00:00.0003452" startTime="2026-08-14T14:06:33.5995967-06:00" endTime="2026-08-14T14:06:33.5996751-06:00" testType="13cdc9d9-ddb5-4fa4-a97d-d965ccfc6d4b" outcome="Passed" testListId="8c84fa94-04c1-424b-9868-57a2d4851a1d" relativeResultsDirectory="d741d27f-94b4-4ecb-a7fd-eb65c7e3a8d5" />
    <UnitTestResult executionId="167e488d-23d5-426c-94ca-21d77ccd015e" testId="55eb622c-9dd2-d8df-7582-fb9a5bd17b69" testName="AppointVaAPI.Tests.Controllers.Integration.ServiciosControllerIntegrationTests.Crear_ConPropietario_PasaGateDeAuth" computerName="RFACIL-07-DEV" duration="00:00:00.0851097" startTime="2026-08-14T14:06:33.5142102-06:00" endTime="2026-08-14T14:06:33.5990084-06:00" testType="13cdc9d9-ddb5-4fa4-a97d-d965ccfc6d4b" outcome="Passed" testListId="8c84fa94-04c1-424b-9868-57a2d4851a1d" relativeResultsDirectory="167e488d-23d5-426c-94ca-21d77ccd015e" />
    <UnitTestResult executionId="1d64ab2a-802b-4191-90ea-6e413ce047be" testId="77cdb4e0-7c65-719f-35e3-b46a545bfce9" testName="AppointVaAPI.Tests.ListaEsperaAutomatizacionTests.ExpirarYNotificarSiguiente_EntradaYaNoEsNotificada_NoHaceNada" computerName="RFACIL-07-DEV" duration="00:00:00.0022980" startTime="2026-08-14T14:06:33.7956575-06:00" endTime="2026-08-14T14:06:33.7978262-06:00" testType="13cdc9d9-ddb5-4fa4-a97d-d965ccfc6d4b" outcome="Passed" testListId="8c84fa94-04c1-424b-9868-57a2d4851a1d" relativeResultsDirectory="1d64ab2a-802b-4191-90ea-6e413ce047be" />
    <UnitTestResult executionId="cb73870c-fec3-4d41-816c-fc9651b84137" testId="8dbf6d48-c924-5328-3359-a6396414de77" testName="AppointVaAPI.Tests.PlanLimitTests.InicioMes_EnEnero_EsEl1Enero" computerName="RFACIL-07-DEV" duration="00:00:00.0000860" startTime="2026-08-14T14:06:28.9284224-06:00" endTime="2026-08-14T14:06:28.9284403-06:00" testType="13cdc9d9-ddb5-4fa4-a97d-d965ccfc6d4b" outcome="Passed" testListId="8c84fa94-04c1-424b-9868-57a2d4851a1d" relativeResultsDirectory="cb73870c-fec3-4d41-816c-fc9651b84137" />
    <UnitTestResult executionId="1075350b-61ed-4137-aa40-30fab5e0e20f" testId="882171af-4034-5938-6c0b-f3ab45e67e33" testName="AppointVaAPI.Tests.DisponibilidadServiceTests.ObtenerSlots_RetornaVacio_CuandoDiaEstaBloquedoParaElNegocio" computerName="RFACIL-07-DEV" duration="00:00:00.0097093" startTime="2026-08-14T14:06:32.4109776-06:00" endTime="2026-08-14T14:06:32.4207097-06:00" testType="13cdc9d9-ddb5-4fa4-a97d-d965ccfc6d4b" outcome="Passed" testListId="8c84fa94-04c1-424b-9868-57a2d4851a1d" relativeResultsDirectory="1075350b-61ed-4137-aa40-30fab5e0e20f" />
    <UnitTestResult executionId="19b834c7-aa3c-475c-bef1-fc1650c38c2e" testId="1fe3b780-6555-3482-1c64-b301718f30e5" testName="AppointVaAPI.Tests.Controllers.Integration.ClientesControllerIntegrationTests.Listar_SinToken_Retorna401" computerName="RFACIL-07-DEV" duration="00:00:04.8549044" startTime="2026-08-14T14:06:28.6300375-06:00" endTime="2026-08-14T14:06:33.4721406-06:00" testType="13cdc9d9-ddb5-4fa4-a97d-d965ccfc6d4b" outcome="Passed" testListId="8c84fa94-04c1-424b-9868-57a2d4851a1d" relativeResultsDirectory="19b834c7-aa3c-475c-bef1-fc1650c38c2e" />
    <UnitTestResult executionId="8024be47-4f10-4fb1-83cf-8e0548998731" testId="553378ba-4fb8-3b8c-5d27-b5e7b4801952" testName="AppointVaAPI.Tests.Services.EmailTemplatesTests.PlantillaConfirmacion_SinEmpleado_OmitsAtendidoPor" computerName="RFACIL-07-DEV" duration="00:00:00.0001491" startTime="2026-08-14T14:06:29.0166659-06:00" endTime="2026-08-14T14:06:29.0167016-06:00" testType="13cdc9d9-ddb5-4fa4-a97d-d965ccfc6d4b" outcome="Passed" testListId="8c84fa94-04c1-424b-9868-57a2d4851a1d" relativeResultsDirectory="8024be47-4f10-4fb1-83cf-8e0548998731" />
    <UnitTestResult executionId="e4d2269d-f192-45c7-875b-4786fb7b679f" testId="0f61ab7e-167a-3f51-8e39-f14545489e17" testName="AppointVaAPI.Tests.ListaEsperaAutomatizacionTests.CambiarEstado_Cancelada_ListaEsperaActiva_SinEntradas_NoDisparaNotificacion" computerName="RFACIL-07-DEV" duration="00:00:00.0018687" startTime="2026-08-14T14:06:33.8130694-06:00" endTime="2026-08-14T14:06:33.8148895-06:00" testType="13cdc9d9-ddb5-4fa4-a97d-d965ccfc6d4b" outcome="Passed" testListId="8c84fa94-04c1-424b-9868-57a2d4851a1d" relativeResultsDirectory="e4d2269d-f192-45c7-875b-4786fb7b679f" />
    <UnitTestResult executionId="1de1ecd4-1b91-4119-a9b0-17ec31dbfba8" testId="e9e4aec6-f1e9-9988-ab7b-15d7adc0197c" testName="AppointVaAPI.Tests.Jobs.NotificacionJobCitasTests.EnviarSolicitudResena_CitaExistente_LlamaNotificacion" computerName="RFACIL-07-DEV" duration="00:00:00.0031189" startTime="2026-08-14T14:06:32.2397326-06:00" endTime="2026-08-14T14:06:32.2428566-06:00" testType="13cdc9d9-ddb5-4fa4-a97d-d965ccfc6d4b" outcome="Passed" testListId="8c84fa94-04c1-424b-9868-57a2d4851a1d" relativeResultsDirectory="1de1ecd4-1b91-4119-a9b0-17ec31dbfba8" />
    <UnitTestResult executionId="dfb34947-4854-4f30-8275-d5f19f86a062" testId="4656872e-aab2-1153-4fb9-6c2923bcd886" testName="AppointVaAPI.Tests.Services.EmailTemplatesTests.PlantillaBienvenida_ContainsThreeSteps" computerName="RFACIL-07-DEV" duration="00:00:00.0002360" startTime="2026-08-14T14:06:29.0016475-06:00" endTime="2026-08-14T14:06:29.0018158-06:00" testType="13cdc9d9-ddb5-4fa4-a97d-d965ccfc6d4b" outcome="Passed" testListId="8c84fa94-04c1-424b-9868-57a2d4851a1d" relativeResultsDirectory="dfb34947-4854-4f30-8275-d5f19f86a062" />
    <UnitTestResult executionId="0410f1ae-03bc-41a2-a8d8-d450a67cd990" testId="4459c651-0231-9cfd-800f-6326a4090101" testName="AppointVaAPI.Tests.Controllers.Integration.ReportesControllerIntegrationTests.Citas_ConPropietario_PasaGateDeAuth" computerName="RFACIL-07-DEV" duration="00:00:04.7337425" startTime="2026-08-14T14:06:28.9300037-06:00" endTime="2026-08-14T14:06:33.6531710-06:00" testType="13cdc9d9-ddb5-4fa4-a97d-d965ccfc6d4b" outcome="Passed" testListId="8c84fa94-04c1-424b-9868-57a2d4851a1d" relativeResultsDirectory="0410f1ae-03bc-41a2-a8d8-d450a67cd990" />
    <UnitTestResult executionId="6e734114-fcc8-45a8-8878-431a8f7cedc7" testId="78daf30a-4a38-4541-5e36-943b9009bce5" testName="AppointVaAPI.Tests.Controllers.Integration.ClientesControllerIntegrationTests.Listar_ConSuperAdmin_Retorna200" computerName="RFACIL-07-DEV" duration="00:00:00.0492173" startTime="2026-08-14T14:06:33.4917003-06:00" endTime="2026-08-14T14:06:33.5414313-06:00" testType="13cdc9d9-ddb5-4fa4-a97d-d965ccfc6d4b" outcome="Passed" testListId="8c84fa94-04c1-424b-9868-57a2d4851a1d" relativeResultsDirectory="6e734114-fcc8-45a8-8878-431a8f7cedc7" />
    <UnitTestResult executionId="c31e5bb3-a7f2-48f0-b344-4d01ff8c1f61" testId="3b79b6bc-4854-d64d-ead4-6785f71a4338" testName="AppointVaAPI.Tests.BarraProgresoLogicTests.Color_PorUmbrales(pct: 85, colorEsperado: &quot;rojo&quot;)" computerName="RFACIL-07-DEV" duration="00:00:00.0000106" startTime="2026-08-14T14:06:31.8182543-06:00" endTime="2026-08-14T14:06:31.8183198-06:00" testType="13cdc9d9-ddb5-4fa4-a97d-d965ccfc6d4b" outcome="Passed" testListId="8c84fa94-04c1-424b-9868-57a2d4851a1d" relativeResultsDirectory="c31e5bb3-a7f2-48f0-b344-4d01ff8c1f61" />
    <UnitTestResult executionId="2a39fc88-4fe7-44b3-9be8-ca933ac535cb" testId="e79f92d3-98bc-50a4-d359-e4630745f761" testName="AppointVaAPI.Tests.Controllers.CitasControllerReagendarTests.Reagendar_ConSolapamiento_NoEncolaJobs" computerName="RFACIL-07-DEV" duration="00:00:00.0114970" startTime="2026-08-14T14:06:30.1984642-06:00" endTime="2026-08-14T14:06:30.2098591-06:00" testType="13cdc9d9-ddb5-4fa4-a97d-d965ccfc6d4b" outcome="Passed" testListId="8c84fa94-04c1-424b-9868-57a2d4851a1d" relativeResultsDirectory="2a39fc88-4fe7-44b3-9be8-ca933ac535cb" />
    <UnitTestResult executionId="63c3309e-d1a8-4545-a0ad-66b3d05ed452" testId="69a156e7-14fc-bec3-fbc3-fbe669ec4099" testName="AppointVaAPI.Tests.PlanLimitTests.ConPlan_CitasIgualLimite_Bloquea" computerName="RFACIL-07-DEV" duration="00:00:00.0001597" startTime="2026-08-14T14:06:28.9266204-06:00" endTime="2026-08-14T14:06:28.9266431-06:00" testType="13cdc9d9-ddb5-4fa4-a97d-d965ccfc6d4b" outcome="Passed" testListId="8c84fa94-04c1-424b-9868-57a2d4851a1d" relativeResultsDirectory="63c3309e-d1a8-4545-a0ad-66b3d05ed452" />
    <UnitTestResult executionId="d216b3c2-310c-4f61-ae48-acd4a05d0d30" testId="0c1ac8a7-e2d0-0aa1-1035-1c6c81dd6790" testName="AppointVaAPI.Tests.Controllers.VerificarEmailTests.VerificarEmail_TokenValido_EnviaBienvenida" computerName="RFACIL-07-DEV" duration="00:00:00.3810676" startTime="2026-08-14T14:06:33.5987024-06:00" endTime="2026-08-14T14:06:33.9782765-06:00" testType="13cdc9d9-ddb5-4fa4-a97d-d965ccfc6d4b" outcome="Passed" testListId="8c84fa94-04c1-424b-9868-57a2d4851a1d" relativeResultsDirectory="d216b3c2-310c-4f61-ae48-acd4a05d0d30" />
    <UnitTestResult executionId="de57de43-afdc-4d8e-be2e-c950c6a01f8c" testId="af207234-cb00-b29a-b082-7a7f7275058c" testName="AppointVaAPI.Tests.Controllers.VerificarEmailTests.VerificarEmail_YaVerificado_NoEnviaBienvenida" computerName="RFACIL-07-DEV" duration="00:00:00.0017717" startTime="2026-08-14T14:06:33.9784590-06:00" endTime="2026-08-14T14:06:33.9800945-06:00" testType="13cdc9d9-ddb5-4fa4-a97d-d965ccfc6d4b" outcome="Passed" testListId="8c84fa94-04c1-424b-9868-57a2d4851a1d" relativeResultsDirectory="de57de43-afdc-4d8e-be2e-c950c6a01f8c" />
    <UnitTestResult executionId="6cb6574e-0e1d-4312-8174-27f62cb98680" testId="4256b280-daed-61b1-99f1-f10e754c86fe" testName="AppointVaAPI.Tests.PoliticaCancelacionTests.ConPolitica2h_CitaEn1h_NoPuedeCancel" computerName="RFACIL-07-DEV" duration="00:00:00.0001310" startTime="2026-08-14T14:06:31.8227695-06:00" endTime="2026-08-14T14:06:31.8228109-06:00" testType="13cdc9d9-ddb5-4fa4-a97d-d965ccfc6d4b" outcome="Passed" testListId="8c84fa94-04c1-424b-9868-57a2d4851a1d" relativeResultsDirectory="6cb6574e-0e1d-4312-8174-27f62cb98680" />
    <UnitTestResult executionId="7fb20d64-cb15-411f-8bbc-85e6ba9dcb4b" testId="253ffd05-9591-6eef-de45-600b4d930b09" testName="AppointVaAPI.Tests.PlanLimitTests.Theory_PlanLimite(planLimite: 10, citasMes: 11, esperaBloqueo: True)" computerName="RFACIL-07-DEV" duration="00:00:00.0002051" startTime="2026-08-14T14:06:28.9213170-06:00" endTime="2026-08-14T14:06:28.9213665-06:00" testType="13cdc9d9-ddb5-4fa4-a97d-d965ccfc6d4b" outcome="Passed" testListId="8c84fa94-04c1-424b-9868-57a2d4851a1d" relativeResultsDirectory="7fb20d64-cb15-411f-8bbc-85e6ba9dcb4b" />
    <UnitTestResult executionId="fe290958-614f-439b-aaca-10e11acc2bc6" testId="d3bcd4d9-d9a3-d1aa-5a6a-643ef260f5e0" testName="AppointVaAPI.Tests.Controllers.PublicoControllerCrearCitaTests.RetornaNotFound_CuandoNegocioNoExisteOInactivo" computerName="RFACIL-07-DEV" duration="00:00:00.0291431" startTime="2026-08-14T14:06:30.2371629-06:00" endTime="2026-08-14T14:06:30.2656626-06:00" testType="13cdc9d9-ddb5-4fa4-a97d-d965ccfc6d4b" outcome="Passed" testListId="8c84fa94-04c1-424b-9868-57a2d4851a1d" relativeResultsDirectory="fe290958-614f-439b-aaca-10e11acc2bc6" />
    <UnitTestResult executionId="f13640e3-6096-4b9e-a92b-c94f4b6c500e" testId="c6faf9e2-785d-9306-730e-6d13569a4353" testName="AppointVaAPI.Tests.ValidacionHorasTests.FormatosInvalidos_RetornanFalse(hora: &quot;&quot;)" computerName="RFACIL-07-DEV" duration="00:00:00.0000040" startTime="2026-08-14T14:06:33.6113245-06:00" endTime="2026-08-14T14:06:33.6114548-06:00" testType="13cdc9d9-ddb5-4fa4-a97d-d965ccfc6d4b" outcome="Passed" testListId="8c84fa94-04c1-424b-9868-57a2d4851a1d" relativeResultsDirectory="f13640e3-6096-4b9e-a92b-c94f4b6c500e" />
    <UnitTestResult executionId="352020ce-1261-4bf7-a521-de2a340a3c57" testId="873a217f-04e1-805b-3264-f79afc0e3ec3" testName="AppointVaAPI.Tests.PoliticaCancelacionTests.ConPolitica2h_CitaEn3h_PuedeCancel" computerName="RFACIL-07-DEV" duration="00:00:00.0001212" startTime="2026-08-14T14:06:31.8248645-06:00" endTime="2026-08-14T14:06:31.8249195-06:00" testType="13cdc9d9-ddb5-4fa4-a97d-d965ccfc6d4b" outcome="Passed" testListId="8c84fa94-04c1-424b-9868-57a2d4851a1d" relativeResultsDirectory="352020ce-1261-4bf7-a521-de2a340a3c57" />
    <UnitTestResult executionId="fa889053-30d8-4f7f-ad64-72199d2c8635" testId="4fb07b88-2736-b2f4-9947-3d1ed32b66f8" testName="AppointVaAPI.Tests.BarraProgresoLogicTests.TextoAviso_LimiteAlcanzadoCuandoEsCien" computerName="RFACIL-07-DEV" duration="00:00:00.0002244" startTime="2026-08-14T14:06:31.8192927-06:00" endTime="2026-08-14T14:06:31.8194642-06:00" testType="13cdc9d9-ddb5-4fa4-a97d-d965ccfc6d4b" outcome="Passed" testListId="8c84fa94-04c1-424b-9868-57a2d4851a1d" relativeResultsDirectory="fa889053-30d8-4f7f-ad64-72199d2c8635" />
    <UnitTestResult executionId="19ca2c48-3aaa-4e22-95fa-106cddc466b3" testId="b6b7c776-2111-f5a8-33fa-1f1de7a96a0b" testName="AppointVaAPI.Tests.SlotSolapamientoTests.CitaDentroDelSlot_Solapa" computerName="RFACIL-07-DEV" duration="00:00:00.0004328" startTime="2026-08-14T14:06:33.6083241-06:00" endTime="2026-08-14T14:06:33.6085856-06:00" testType="13cdc9d9-ddb5-4fa4-a97d-d965ccfc6d4b" outcome="Passed" testListId="8c84fa94-04c1-424b-9868-57a2d4851a1d" relativeResultsDirectory="19ca2c48-3aaa-4e22-95fa-106cddc466b3" />
    <UnitTestResult executionId="b14ef1d6-5071-4084-b988-23ac7f4238b6" testId="0af19c56-8fcd-604d-2998-b2f52a90891d" testName="AppointVaAPI.Tests.Controllers.MetricasAdminControllerTests.CitasMes_CeroCuandoNegocioSinCitas" computerName="RFACIL-07-DEV" duration="00:00:00.0015179" startTime="2026-08-14T14:06:33.7547813-06:00" endTime="2026-08-14T14:06:33.7560548-06:00" testType="13cdc9d9-ddb5-4fa4-a97d-d965ccfc6d4b" outcome="Passed" testListId="8c84fa94-04c1-424b-9868-57a2d4851a1d" relativeResultsDirectory="b14ef1d6-5071-4084-b988-23ac7f4238b6" />
    <UnitTestResult executionId="323c9bbc-37fc-4879-8ac0-cc9ddfcc98ae" testId="c673a4f9-c976-3b9a-402a-b8ec75feebf9" testName="AppointVaAPI.Tests.Controllers.Integration.CitasControllerIntegrationTests.Listar_ConPropietario_Retorna200" computerName="RFACIL-07-DEV" duration="00:00:00.1581576" startTime="2026-08-14T14:06:33.4915793-06:00" endTime="2026-08-14T14:06:33.6496543-06:00" testType="13cdc9d9-ddb5-4fa4-a97d-d965ccfc6d4b" outcome="Passed" testListId="8c84fa94-04c1-424b-9868-57a2d4851a1d" relativeResultsDirectory="323c9bbc-37fc-4879-8ac0-cc9ddfcc98ae" />
    <UnitTestResult executionId="231fea6a-ae7a-478a-b917-b1a582ad45c5" testId="0b024f2f-6127-e444-644f-0f8adf4337da" testName="AppointVaAPI.Tests.DisponibilidadServiceTests.ObtenerSlots_BloquearSlot_CuandoCitaConfirmadaOcupaHorario" computerName="RFACIL-07-DEV" duration="00:00:00.0015359" startTime="2026-08-14T14:06:32.4345575-06:00" endTime="2026-08-14T14:06:32.4360373-06:00" testType="13cdc9d9-ddb5-4fa4-a97d-d965ccfc6d4b" outcome="Passed" testListId="8c84fa94-04c1-424b-9868-57a2d4851a1d" relativeResultsDirectory="231fea6a-ae7a-478a-b917-b1a582ad45c5" />
    <UnitTestResult executionId="0f0dfabb-fa4f-4b8a-973e-533a504568d1" testId="f01038c0-2fce-eb2c-b7cb-8b6646ad7739" testName="AppointVaAPI.Tests.Controllers.Integration.DashboardControllerIntegrationTests.Resumen_SinToken_Retorna401" computerName="RFACIL-07-DEV" duration="00:00:00.0017127" startTime="2026-08-14T14:06:33.7877967-06:00" endTime="2026-08-14T14:06:33.7889231-06:00" testType="13cdc9d9-ddb5-4fa4-a97d-d965ccfc6d4b" outcome="Passed" testListId="8c84fa94-04c1-424b-9868-57a2d4851a1d" relativeResultsDirectory="0f0dfabb-fa4f-4b8a-973e-533a504568d1" />
    <UnitTestResult executionId="5c7bdf49-1377-4f17-913c-927677c88bec" testId="1fba3490-d9ab-a3db-d19a-1bec54d9c9ff" testName="AppointVaAPI.Tests.Controllers.Integration.MeControllerIntegrationTests.PushStatus_ConSuperAdmin_Retorna403" computerName="RFACIL-07-DEV" duration="00:00:00.0083262" startTime="2026-08-14T14:06:33.5208937-06:00" endTime="2026-08-14T14:06:33.5281023-06:00" testType="13cdc9d9-ddb5-4fa4-a97d-d965ccfc6d4b" outcome="Passed" testListId="8c84fa94-04c1-424b-9868-57a2d4851a1d" relativeResultsDirectory="5c7bdf49-1377-4f17-913c-927677c88bec" />
    <UnitTestResult executionId="dfac900d-a092-4692-be0f-8cfb95c66586" testId="83c29bc7-eb7d-d1e6-86da-2acb7418df11" testName="AppointVaAPI.Tests.Services.EmailTemplatesTests.PlantillaRecuperacion_ContainsExpectedContent" computerName="RFACIL-07-DEV" duration="00:00:00.0002153" startTime="2026-08-14T14:06:28.9987090-06:00" endTime="2026-08-14T14:06:28.9988875-06:00" testType="13cdc9d9-ddb5-4fa4-a97d-d965ccfc6d4b" outcome="Passed" testListId="8c84fa94-04c1-424b-9868-57a2d4851a1d" relativeResultsDirectory="dfac900d-a092-4692-be0f-8cfb95c66586" />
    <UnitTestResult executionId="10d8193c-8048-4da9-835d-0804bf3e85eb" testId="fb1e39b2-5fef-0cdd-7c04-c7c8669b4071" testName="AppointVaAPI.Tests.Controllers.Integration.ClientesControllerIntegrationTests.Listar_ConPropietario_Retorna200" computerName="RFACIL-07-DEV" duration="00:00:00.0376839" startTime="2026-08-14T14:06:33.5689251-06:00" endTime="2026-08-14T14:06:33.5796323-06:00" testType="13cdc9d9-ddb5-4fa4-a97d-d965ccfc6d4b" outcome="Passed" testListId="8c84fa94-04c1-424b-9868-57a2d4851a1d" relativeResultsDirectory="10d8193c-8048-4da9-835d-0804bf3e85eb" />
    <UnitTestResult executionId="192b5634-9d23-4cf0-8556-0530613e3851" testId="fb8eb298-1c59-04c1-14b1-f310ddec9d61" testName="AppointVaAPI.Tests.Services.RecordatorioServiceTests.EnviarRecordatorio_CitaNoExiste_NoLlamaNotificacion" computerName="RFACIL-07-DEV" duration="00:00:00.1937695" startTime="2026-08-14T14:06:31.8257068-06:00" endTime="2026-08-14T14:06:32.0166680-06:00" testType="13cdc9d9-ddb5-4fa4-a97d-d965ccfc6d4b" outcome="Passed" testListId="8c84fa94-04c1-424b-9868-57a2d4851a1d" relativeResultsDirectory="192b5634-9d23-4cf0-8556-0530613e3851" />
    <UnitTestResult executionId="7500f0b3-802f-438c-a5d3-097369d5a9b7" testId="77b0ae2c-b268-9a88-80df-caf905fa3df2" testName="AppointVaAPI.Tests.Controllers.Integration.EmpleadosControllerIntegrationTests.Listar_ConEmpleado_Retorna200" computerName="RFACIL-07-DEV" duration="00:00:00.3834929" startTime="2026-08-14T14:06:33.6028701-06:00" endTime="2026-08-14T14:06:33.9852692-06:00" testType="13cdc9d9-ddb5-4fa4-a97d-d965ccfc6d4b" outcome="Passed" testListId="8c84fa94-04c1-424b-9868-57a2d4851a1d" relativeResultsDirectory="7500f0b3-802f-438c-a5d3-097369d5a9b7" />
    <UnitTestResult executionId="c304b99d-18b9-4a80-95a4-64e8167b14dc" testId="69737ddc-dd1e-b807-02bc-93487e48d37d" testName="AppointVaAPI.Tests.ValidacionHorasTests.FormatosValidos_RetornanTrue(hora: &quot;23:59&quot;)" computerName="RFACIL-07-DEV" duration="00:00:00.0000085" startTime="2026-08-14T14:06:33.6266215-06:00" endTime="2026-08-14T14:06:33.6266743-06:00" testType="13cdc9d9-ddb5-4fa4-a97d-d965ccfc6d4b" outcome="Passed" testListId="8c84fa94-04c1-424b-9868-57a2d4851a1d" relativeResultsDirectory="c304b99d-18b9-4a80-95a4-64e8167b14dc" />
    <UnitTestResult executionId="3a45863b-84d5-46d4-a7d8-323cd5e93cc7" testId="63038071-b83c-c82f-5d00-d4bd9a65dd32" testName="AppointVaAPI.Tests.Controllers.Integration.ReportesControllerDataTests.ReportesCitas_ExportarCSV_Retorna200ConContentTypeCsv" computerName="RFACIL-07-DEV" duration="00:00:00.0081894" startTime="2026-08-14T14:06:33.8163782-06:00" endTime="2026-08-14T14:06:33.8250177-06:00" testType="13cdc9d9-ddb5-4fa4-a97d-d965ccfc6d4b" outcome="Passed" testListId="8c84fa94-04c1-424b-9868-57a2d4851a1d" relativeResultsDirectory="3a45863b-84d5-46d4-a7d8-323cd5e93cc7" />
    <UnitTestResult executionId="d83cf856-6d51-4bf2-a061-a6e47aae754f" testId="f195fe11-6982-107f-0044-2992c58ab6e3" testName="AppointVaAPI.Tests.Controllers.CitasControllerCambiarEstadoTests.PendienteAConfirmada_CambiaEstadoYEncolaEmailConfirmacion" computerName="RFACIL-07-DEV" duration="00:00:00.0025358" startTime="2026-08-14T14:06:32.3310203-06:00" endTime="2026-08-14T14:06:32.3332986-06:00" testType="13cdc9d9-ddb5-4fa4-a97d-d965ccfc6d4b" outcome="Passed" testListId="8c84fa94-04c1-424b-9868-57a2d4851a1d" relativeResultsDirectory="d83cf856-6d51-4bf2-a061-a6e47aae754f" />
    <UnitTestResult executionId="365500d5-cee2-4453-bc21-0e62ca55373e" testId="c70ec179-9722-0168-5eca-9a52f5dd5e6e" testName="AppointVaAPI.Tests.Controllers.Integration.IntakeControllerIntegrationTests.PublicoCampos_SinToken_PasaGateDeAuth" computerName="RFACIL-07-DEV" duration="00:00:01.0450257" startTime="2026-08-14T14:06:32.4728011-06:00" endTime="2026-08-14T14:06:33.5182640-06:00" testType="13cdc9d9-ddb5-4fa4-a97d-d965ccfc6d4b" outcome="Passed" testListId="8c84fa94-04c1-424b-9868-57a2d4851a1d" relativeResultsDirectory="365500d5-cee2-4453-bc21-0e62ca55373e" />
    <UnitTestResult executionId="a7f97340-0741-4b10-a9b7-87d12b755fb9" testId="ddf1f2d1-2a0e-8d4e-ca2b-93c9b082178b" testName="AppointVaAPI.Tests.Jobs.NotificacionJobCitasTests.EnviarCancelacion_CitaNoExiste_NoLlamaNotificacion" computerName="RFACIL-07-DEV" duration="00:00:00.0012616" startTime="2026-08-14T14:06:32.2349616-06:00" endTime="2026-08-14T14:06:32.2361357-06:00" testType="13cdc9d9-ddb5-4fa4-a97d-d965ccfc6d4b" outcome="Passed" testListId="8c84fa94-04c1-424b-9868-57a2d4851a1d" relativeResultsDirectory="a7f97340-0741-4b10-a9b7-87d12b755fb9" />
    <UnitTestResult executionId="a924a471-c06d-420e-9275-4ce7aedb3722" testId="286d16ae-bb91-95c8-bc56-74c67e18db2d" testName="AppointVaAPI.Tests.BarraProgresoLogicTests.TextoAviso_PluralCuandoQuedan2OMas" computerName="RFACIL-07-DEV" duration="00:00:00.0005234" startTime="2026-08-14T14:06:31.8189747-06:00" endTime="2026-08-14T14:06:31.8190678-06:00" testType="13cdc9d9-ddb5-4fa4-a97d-d965ccfc6d4b" outcome="Passed" testListId="8c84fa94-04c1-424b-9868-57a2d4851a1d" relativeResultsDirectory="a924a471-c06d-420e-9275-4ce7aedb3722" />
    <UnitTestResult executionId="7bb6160f-ed40-41b6-a05f-67899c46ef87" testId="6e79d14d-3ec2-2942-50cc-c9bcfcfc8da6" testName="AppointVaAPI.Tests.DisponibilidadServiceTests.ObtenerSlots_NoBloquearSlot_CuandoBloqueoTerminaExactamenteAlInicioDelSlot" computerName="RFACIL-07-DEV" duration="00:00:00.0136183" startTime="2026-08-14T14:06:32.3896713-06:00" endTime="2026-08-14T14:06:32.4032951-06:00" testType="13cdc9d9-ddb5-4fa4-a97d-d965ccfc6d4b" outcome="Passed" testListId="8c84fa94-04c1-424b-9868-57a2d4851a1d" relativeResultsDirectory="7bb6160f-ed40-41b6-a05f-67899c46ef87" />
    <UnitTestResult executionId="cd2f584c-7273-4c0a-880b-58a165e535e6" testId="0000c183-2cfd-4083-16e0-ecc580a150a8" testName="AppointVaAPI.Tests.PlanLimitTests.CitaDelMesAnterior_NoContabilizaContraLimite" computerName="RFACIL-07-DEV" duration="00:00:00.0000904" startTime="2026-08-14T14:06:28.9287897-06:00" endTime="2026-08-14T14:06:28.9288114-06:00" testType="13cdc9d9-ddb5-4fa4-a97d-d965ccfc6d4b" outcome="Passed" testListId="8c84fa94-04c1-424b-9868-57a2d4851a1d" relativeResultsDirectory="cd2f584c-7273-4c0a-880b-58a165e535e6" />
    <UnitTestResult executionId="d5ae03ca-7016-4da3-9305-6d162bddb39c" testId="59c1dbf0-6e1f-f2a8-8d03-f5b060e46c7c" testName="AppointVaAPI.Tests.Controllers.Integration.SuscripcionAdminControllerIntegrationTests.SetEmpleadosExtra_ConTokenSuperAdmin_ValorNegativo_Returns400" computerName="RFACIL-07-DEV" duration="00:00:00.0134328" startTime="2026-08-14T14:06:33.7643444-06:00" endTime="2026-08-14T14:06:33.7779098-06:00" testType="13cdc9d9-ddb5-4fa4-a97d-d965ccfc6d4b" outcome="Passed" testListId="8c84fa94-04c1-424b-9868-57a2d4851a1d" relativeResultsDirectory="d5ae03ca-7016-4da3-9305-6d162bddb39c" />
    <UnitTestResult executionId="d2cc309a-b2b4-434e-bb63-10a385ee2e0f" testId="6c4fb679-c5c1-ff62-e8b7-c728a12e7e5d" testName="AppointVaAPI.Tests.Controllers.VerificarEmailTests.VerificarEmail_TokenInvalido_NoEnviaBienvenida" computerName="RFACIL-07-DEV" duration="00:00:00.0029948" startTime="2026-08-14T14:06:33.9802297-06:00" endTime="2026-08-14T14:06:33.9831302-06:00" testType="13cdc9d9-ddb5-4fa4-a97d-d965ccfc6d4b" outcome="Passed" testListId="8c84fa94-04c1-424b-9868-57a2d4851a1d" relativeResultsDirectory="d2cc309a-b2b4-434e-bb63-10a385ee2e0f" />
    <UnitTestResult executionId="91d8d421-1ada-4b02-8c1b-7d411a27c411" testId="614e511b-353a-4e6e-8efb-2a65f3248b8a" testName="AppointVaAPI.Tests.Jobs.NotificacionJobCitasTests.EnviarCancelacion_CitaExistente_LlamaNotificacion" computerName="RFACIL-07-DEV" duration="00:00:00.0031777" startTime="2026-08-14T14:06:32.2317736-06:00" endTime="2026-08-14T14:06:32.2348133-06:00" testType="13cdc9d9-ddb5-4fa4-a97d-d965ccfc6d4b" outcome="Passed" testListId="8c84fa94-04c1-424b-9868-57a2d4851a1d" relativeResultsDirectory="91d8d421-1ada-4b02-8c1b-7d411a27c411" />
    <UnitTestResult executionId="51dac85d-8dee-459c-860c-fc35d47fd532" testId="0d1099ee-7b2f-a1ec-6b14-70d380b18a30" testName="AppointVaAPI.Tests.Controllers.MetricasAdminControllerTests.EmpleadosActivos_ExcluyeEliminados" computerName="RFACIL-07-DEV" duration="00:00:00.0196392" startTime="2026-08-14T14:06:33.7439617-06:00" endTime="2026-08-14T14:06:33.7482829-06:00" testType="13cdc9d9-ddb5-4fa4-a97d-d965ccfc6d4b" outcome="Passed" testListId="8c84fa94-04c1-424b-9868-57a2d4851a1d" relativeResultsDirectory="51dac85d-8dee-459c-860c-fc35d47fd532" />
    <UnitTestResult executionId="9150c6a9-cf6a-4e6e-94c3-a42523d0464d" testId="b899a4d6-e395-93b6-a5da-44745532041f" testName="AppointVaAPI.Tests.Services.EmailTemplatesTests.PlantillaVerificacion_ContainsExpectedContent" computerName="RFACIL-07-DEV" duration="00:00:00.0002354" startTime="2026-08-14T14:06:28.9985140-06:00" endTime="2026-08-14T14:06:28.9986384-06:00" testType="13cdc9d9-ddb5-4fa4-a97d-d965ccfc6d4b" outcome="Passed" testListId="8c84fa94-04c1-424b-9868-57a2d4851a1d" relativeResultsDirectory="9150c6a9-cf6a-4e6e-94c3-a42523d0464d" />
    <UnitTestResult executionId="56447763-6189-41a8-a616-8997e7eb7c38" testId="8bd8862b-5cca-19ad-9a62-267b7a0edd6c" testName="AppointVaAPI.Tests.ValidacionHorasTests.FormatosInvalidos_RetornanFalse(hora: &quot;25:00&quot;)" computerName="RFACIL-07-DEV" duration="00:00:00.0000105" startTime="2026-08-14T14:06:33.6116344-06:00" endTime="2026-08-14T14:06:33.6116916-06:00" testType="13cdc9d9-ddb5-4fa4-a97d-d965ccfc6d4b" outcome="Passed" testListId="8c84fa94-04c1-424b-9868-57a2d4851a1d" relativeResultsDirectory="56447763-6189-41a8-a616-8997e7eb7c38" />
    <UnitTestResult executionId="d8217ea1-e3f5-41da-9bf4-2465f084f89c" testId="8b2f527b-0cd5-54a6-e981-3309833f97c8" testName="AppointVaAPI.Tests.DisponibilidadServiceTests.ObtenerSlots_RetornaVacio_CuandoEmpleadoNoTieneHorarioParaEseDia" computerName="RFACIL-07-DEV" duration="00:00:00.0012968" startTime="2026-08-14T14:06:32.4361023-06:00" endTime="2026-08-14T14:06:32.4373192-06:00" testType="13cdc9d9-ddb5-4fa4-a97d-d965ccfc6d4b" outcome="Passed" testListId="8c84fa94-04c1-424b-9868-57a2d4851a1d" relativeResultsDirectory="d8217ea1-e3f5-41da-9bf4-2465f084f89c" />
    <UnitTestResult executionId="0567a843-5a1f-470e-8adc-aba0056dcb26" testId="a06c9121-e7db-dcd7-87f3-b48c74935e94" testName="AppointVaAPI.Tests.HelperPublicoTests.ObtenerEstadoTexto_Debe_Mapear_Correctamente(estado: 2, esperado: &quot;Confirmada&quot;)" computerName="RFACIL-07-DEV" duration="00:00:00.0000033" startTime="2026-08-14T14:06:28.9263944-06:00" endTime="2026-08-14T14:06:28.9264149-06:00" testType="13cdc9d9-ddb5-4fa4-a97d-d965ccfc6d4b" outcome="Passed" testListId="8c84fa94-04c1-424b-9868-57a2d4851a1d" relativeResultsDirectory="0567a843-5a1f-470e-8adc-aba0056dcb26" />
    <UnitTestResult executionId="3a2f43e0-ddc4-4150-b936-3f1c89099b80" testId="d4c9723c-c7a1-1fe0-07a5-6e39a7764ec8" testName="AppointVaAPI.Tests.Controllers.Integration.ReportesControllerDataTests.ReportesIngresos_ConDatosSeeded_Retorna200ConIngresosCorrectos" computerName="RFACIL-07-DEV" duration="00:00:00.1471402" startTime="2026-08-14T14:06:33.6690111-06:00" endTime="2026-08-14T14:06:33.8162572-06:00" testType="13cdc9d9-ddb5-4fa4-a97d-d965ccfc6d4b" outcome="Passed" testListId="8c84fa94-04c1-424b-9868-57a2d4851a1d" relativeResultsDirectory="3a2f43e0-ddc4-4150-b936-3f1c89099b80" />
    <UnitTestResult executionId="dbfe6fd5-ad6b-47ba-9864-fe2665060a46" testId="81cc47ed-1800-7ef4-945c-576de20602db" testName="AppointVaAPI.Tests.PlanLimitTests.SinPlan_NuncaAlcanzaLimite" computerName="RFACIL-07-DEV" duration="00:00:00.0001015" startTime="2026-08-14T14:06:28.9281860-06:00" endTime="2026-08-14T14:06:28.9282348-06:00" testType="13cdc9d9-ddb5-4fa4-a97d-d965ccfc6d4b" outcome="Passed" testListId="8c84fa94-04c1-424b-9868-57a2d4851a1d" relativeResultsDirectory="dbfe6fd5-ad6b-47ba-9864-fe2665060a46" />
    <UnitTestResult executionId="310f6a5c-2830-46a6-b16f-2ea53b252035" testId="9b3cf489-6458-20ad-cf46-58fb5ac28842" testName="AppointVaAPI.Tests.Controllers.Integration.AutenticacionControllerIntegrationTests.Me_SinToken_Retorna401" computerName="RFACIL-07-DEV" duration="00:00:00.0075459" startTime="2026-08-14T14:06:33.5813407-06:00" endTime="2026-08-14T14:06:33.5891765-06:00" testType="13cdc9d9-ddb5-4fa4-a97d-d965ccfc6d4b" outcome="Passed" testListId="8c84fa94-04c1-424b-9868-57a2d4851a1d" relativeResultsDirectory="310f6a5c-2830-46a6-b16f-2ea53b252035" />
    <UnitTestResult executionId="c46fb760-6171-4cad-9c8e-8dccb451d470" testId="1f76e64b-9952-8134-3632-99dbe3d346a5" testName="AppointVaAPI.Tests.EsConflictoSerializacionTests.Con_Excepcion_Anidada_Sin_Postgres_Retorna_False" computerName="RFACIL-07-DEV" duration="00:00:00.0001343" startTime="2026-08-14T14:06:32.0755562-06:00" endTime="2026-08-14T14:06:32.0756302-06:00" testType="13cdc9d9-ddb5-4fa4-a97d-d965ccfc6d4b" outcome="Passed" testListId="8c84fa94-04c1-424b-9868-57a2d4851a1d" relativeResultsDirectory="c46fb760-6171-4cad-9c8e-8dccb451d470" />
    <UnitTestResult executionId="cabff22c-6e31-43a6-bafd-c7a63ad24991" testId="d4070602-a775-1c7c-348f-80eaa7f5bd2c" testName="AppointVaAPI.Tests.Controllers.Integration.PublicoControllerIntegrationTests.Disponibilidad_SinParams_Retorna400" computerName="RFACIL-07-DEV" duration="00:00:00.0125717" startTime="2026-08-14T14:06:33.6356956-06:00" endTime="2026-08-14T14:06:33.6484648-06:00" testType="13cdc9d9-ddb5-4fa4-a97d-d965ccfc6d4b" outcome="Passed" testListId="8c84fa94-04c1-424b-9868-57a2d4851a1d" relativeResultsDirectory="cabff22c-6e31-43a6-bafd-c7a63ad24991" />
    <UnitTestResult executionId="d4d0a8ac-0e79-4b47-9f0a-835aceb4a460" testId="1f94d799-c4f1-c3b7-a951-c1b77f65ee3d" testName="AppointVaAPI.Tests.PlanLimitTests.CitaDeEsteMes_ContabilizaContraLimite" computerName="RFACIL-07-DEV" duration="00:00:00.0000765" startTime="2026-08-14T14:06:28.9285397-06:00" endTime="2026-08-14T14:06:28.9285597-06:00" testType="13cdc9d9-ddb5-4fa4-a97d-d965ccfc6d4b" outcome="Passed" testListId="8c84fa94-04c1-424b-9868-57a2d4851a1d" relativeResultsDirectory="d4d0a8ac-0e79-4b47-9f0a-835aceb4a460" />
    <UnitTestResult executionId="c5aad747-3d0e-486a-8320-55319269da34" testId="640a54cf-44e7-998e-1fcd-5eb54ae689ca" testName="AppointVaAPI.Tests.SlotSolapamientoTests.CitaMuchoAntes_SinSolape" computerName="RFACIL-07-DEV" duration="00:00:00.0002946" startTime="2026-08-14T14:06:33.6090297-06:00" endTime="2026-08-14T14:06:33.6109884-06:00" testType="13cdc9d9-ddb5-4fa4-a97d-d965ccfc6d4b" outcome="Passed" testListId="8c84fa94-04c1-424b-9868-57a2d4851a1d" relativeResultsDirectory="c5aad747-3d0e-486a-8320-55319269da34" />
    <UnitTestResult executionId="e7900b70-cb4d-4bcf-9f7b-843f7abce6e0" testId="8f7c069b-9f17-e5da-d66e-1254a6d781a0" testName="AppointVaAPI.Tests.BarraProgresoLogicTests.Aviso_SeMuestraDesde75Porciento(pct: 100, debeMostrar: True)" computerName="RFACIL-07-DEV" duration="00:00:00.0003580" startTime="2026-08-14T14:06:31.8211484-06:00" endTime="2026-08-14T14:06:31.8212314-06:00" testType="13cdc9d9-ddb5-4fa4-a97d-d965ccfc6d4b" outcome="Passed" testListId="8c84fa94-04c1-424b-9868-57a2d4851a1d" relativeResultsDirectory="e7900b70-cb4d-4bcf-9f7b-843f7abce6e0" />
    <UnitTestResult executionId="147b5c7b-e87b-4b3f-950e-07ecbb4a6849" testId="c84cb071-644a-43f7-6779-3840ad3c06b2" testName="AppointVaAPI.Tests.BarraProgresoLogicTests.Color_PorUmbrales(pct: 0, colorEsperado: &quot;verde&quot;)" computerName="RFACIL-07-DEV" duration="00:00:00.0003626" startTime="2026-08-14T14:06:31.8162005-06:00" endTime="2026-08-14T14:06:31.8163708-06:00" testType="13cdc9d9-ddb5-4fa4-a97d-d965ccfc6d4b" outcome="Passed" testListId="8c84fa94-04c1-424b-9868-57a2d4851a1d" relativeResultsDirectory="147b5c7b-e87b-4b3f-950e-07ecbb4a6849" />
    <UnitTestResult executionId="26e1e13e-83ba-4094-a3eb-80ad574f8d12" testId="dc3028ec-c6cb-ed3a-b6c3-ccf5b80df19b" testName="AppointVaAPI.Tests.Controllers.Integration.ReportesControllerIntegrationTests.Citas_SinToken_Retorna401" computerName="RFACIL-07-DEV" duration="00:00:00.0025952" startTime="2026-08-14T14:06:33.7252395-06:00" endTime="2026-08-14T14:06:33.7253478-06:00" testType="13cdc9d9-ddb5-4fa4-a97d-d965ccfc6d4b" outcome="Passed" testListId="8c84fa94-04c1-424b-9868-57a2d4851a1d" relativeResultsDirectory="26e1e13e-83ba-4094-a3eb-80ad574f8d12" />
    <UnitTestResult executionId="37823801-be9c-4335-98f0-f1c79b7b8593" testId="c85c931d-1ba8-57f4-e72a-2f530e35d6be" testName="AppointVaAPI.Tests.Controllers.PublicoControllerCrearCitaTests.SinEmail_NoEnviarNotificacionEmail" computerName="RFACIL-07-DEV" duration="00:00:00.0020633" startTime="2026-08-14T14:06:30.4009650-06:00" endTime="2026-08-14T14:06:30.4030369-06:00" testType="13cdc9d9-ddb5-4fa4-a97d-d965ccfc6d4b" outcome="Passed" testListId="8c84fa94-04c1-424b-9868-57a2d4851a1d" relativeResultsDirectory="37823801-be9c-4335-98f0-f1c79b7b8593" />
    <UnitTestResult executionId="673138b9-973d-480f-ada3-d9fbb08baf9f" testId="7ce001f4-29c9-ea47-913d-981c080700e0" testName="AppointVaAPI.Tests.DisponibilidadServiceTests.ObtenerSlots_RetornaVacio_CuandoFechaEsDelPasado" computerName="RFACIL-07-DEV" duration="00:00:00.0018625" startTime="2026-08-14T14:06:32.4649134-06:00" endTime="2026-08-14T14:06:32.4667639-06:00" testType="13cdc9d9-ddb5-4fa4-a97d-d965ccfc6d4b" outcome="Passed" testListId="8c84fa94-04c1-424b-9868-57a2d4851a1d" relativeResultsDirectory="673138b9-973d-480f-ada3-d9fbb08baf9f" />
    <UnitTestResult executionId="afe0b08a-112f-4927-aae6-422f348197a2" testId="3fc64006-e12e-a5d4-3bfa-6741157d9f29" testName="AppointVaAPI.Tests.BarraProgresoLogicTests.Porcentaje_CeroSobreCero_EsCero" computerName="RFACIL-07-DEV" duration="00:00:00.0002001" startTime="2026-08-14T14:06:31.8158907-06:00" endTime="2026-08-14T14:06:31.8159787-06:00" testType="13cdc9d9-ddb5-4fa4-a97d-d965ccfc6d4b" outcome="Passed" testListId="8c84fa94-04c1-424b-9868-57a2d4851a1d" relativeResultsDirectory="afe0b08a-112f-4927-aae6-422f348197a2" />
    <UnitTestResult executionId="64af06bc-cd2f-45f5-9da5-d33fa4f52895" testId="8c726caa-fc31-917f-4ba0-d4f944f9d598" testName="AppointVaAPI.Tests.Controllers.Integration.BookingFlowIntegrationTests.CrearCita_PayloadVacio_Retorna400" computerName="RFACIL-07-DEV" duration="00:00:00.0033648" startTime="2026-08-14T14:06:33.8470980-06:00" endTime="2026-08-14T14:06:33.8497839-06:00" testType="13cdc9d9-ddb5-4fa4-a97d-d965ccfc6d4b" outcome="Passed" testListId="8c84fa94-04c1-424b-9868-57a2d4851a1d" relativeResultsDirectory="64af06bc-cd2f-45f5-9da5-d33fa4f52895" />
    <UnitTestResult executionId="63c27f45-980e-46db-a547-671e8621ea92" testId="f96c8695-5866-6a34-fe7d-19b92dfd118c" testName="AppointVaAPI.Tests.Controllers.Integration.DescuentosControllerIntegrationTests.Listar_SinToken_Retorna401" computerName="RFACIL-07-DEV" duration="00:00:00.0084461" startTime="2026-08-14T14:06:33.5190726-06:00" endTime="2026-08-14T14:06:33.5275263-06:00" testType="13cdc9d9-ddb5-4fa4-a97d-d965ccfc6d4b" outcome="Passed" testListId="8c84fa94-04c1-424b-9868-57a2d4851a1d" relativeResultsDirectory="63c27f45-980e-46db-a547-671e8621ea92" />
    <UnitTestResult executionId="e68bda9c-ad6e-42e7-b605-adea1a43ec9a" testId="2a4a2371-74e2-76f3-158e-a845a2df5a44" testName="AppointVaAPI.Tests.Services.EmailTemplatesTests.PlantillaConfirmacion_PendienteConCalendario_OmitsCalendarLinks" computerName="RFACIL-07-DEV" duration="00:00:00.0001940" startTime="2026-08-14T14:06:29.0164640-06:00" endTime="2026-08-14T14:06:29.0164879-06:00" testType="13cdc9d9-ddb5-4fa4-a97d-d965ccfc6d4b" outcome="Passed" testListId="8c84fa94-04c1-424b-9868-57a2d4851a1d" relativeResultsDirectory="e68bda9c-ad6e-42e7-b605-adea1a43ec9a" />
    <UnitTestResult executionId="b3a4a561-107e-49e7-a239-b745ea9b4ab7" testId="c5453c29-1eea-e829-aedb-de303214b379" testName="AppointVaAPI.Tests.ValidacionHorasTests.FormatosValidos_RetornanTrue(hora: &quot;00:00&quot;)" computerName="RFACIL-07-DEV" duration="00:00:00.0003127" startTime="2026-08-14T14:06:33.6246441-06:00" endTime="2026-08-14T14:06:33.6264876-06:00" testType="13cdc9d9-ddb5-4fa4-a97d-d965ccfc6d4b" outcome="Passed" testListId="8c84fa94-04c1-424b-9868-57a2d4851a1d" relativeResultsDirectory="b3a4a561-107e-49e7-a239-b745ea9b4ab7" />
    <UnitTestResult executionId="dd45e48d-f3e7-4d08-968f-4c8f6202bb7f" testId="6ae4b071-69a8-49fd-6edc-8a4629b28d3c" testName="AppointVaAPI.Tests.Controllers.Integration.CitasPagoMixtoTests.MarcarPago_ConPagoMixto_PersistAmbosMetodos" computerName="RFACIL-07-DEV" duration="00:00:05.0828696" startTime="2026-08-14T14:06:28.6299675-06:00" endTime="2026-08-14T14:06:33.6965441-06:00" testType="13cdc9d9-ddb5-4fa4-a97d-d965ccfc6d4b" outcome="Passed" testListId="8c84fa94-04c1-424b-9868-57a2d4851a1d" relativeResultsDirectory="dd45e48d-f3e7-4d08-968f-4c8f6202bb7f" />
    <UnitTestResult executionId="8b9d43e5-ff5d-4c21-8c4f-f211b096dc41" testId="8a901b6b-7eff-0224-c33d-988bb3440ffb" testName="AppointVaAPI.Tests.Controllers.Integration.DescuentosControllerIntegrationTests.ValidarPublico_SinToken_PasaGateDeAuth" computerName="RFACIL-07-DEV" duration="00:00:04.9040543" startTime="2026-08-14T14:06:28.6293647-06:00" endTime="2026-08-14T14:06:33.5188087-06:00" testType="13cdc9d9-ddb5-4fa4-a97d-d965ccfc6d4b" outcome="Passed" testListId="8c84fa94-04c1-424b-9868-57a2d4851a1d" relativeResultsDirectory="8b9d43e5-ff5d-4c21-8c4f-f211b096dc41" />
    <UnitTestResult executionId="37a036e8-8d90-4931-96e1-f3f60e608148" testId="9effcc43-c8da-f17c-69db-13ea6da30dca" testName="AppointVaAPI.Tests.BarraProgresoLogicTests.Aviso_SeMuestraDesde75Porciento(pct: 74, debeMostrar: False)" computerName="RFACIL-07-DEV" duration="00:00:00.0000034" startTime="2026-08-14T14:06:31.8215783-06:00" endTime="2026-08-14T14:06:31.8216557-06:00" testType="13cdc9d9-ddb5-4fa4-a97d-d965ccfc6d4b" outcome="Passed" testListId="8c84fa94-04c1-424b-9868-57a2d4851a1d" relativeResultsDirectory="37a036e8-8d90-4931-96e1-f3f60e608148" />
    <UnitTestResult executionId="26e54873-4392-4fa4-9669-743e60b5606c" testId="1ee7fae1-5b9c-baa0-e29b-998114eaafa8" testName="AppointVaAPI.Tests.Controllers.PublicoControllerCrearCitaTests.CreaPendiente_CuandoAutoConfirmarEsFalse" computerName="RFACIL-07-DEV" duration="00:00:00.0028273" startTime="2026-08-14T14:06:30.3986420-06:00" endTime="2026-08-14T14:06:30.4008593-06:00" testType="13cdc9d9-ddb5-4fa4-a97d-d965ccfc6d4b" outcome="Passed" testListId="8c84fa94-04c1-424b-9868-57a2d4851a1d" relativeResultsDirectory="26e54873-4392-4fa4-9669-743e60b5606c" />
    <UnitTestResult executionId="9a29e773-09e6-4589-9c08-819aacf5eae3" testId="5012042f-30a2-0126-781e-f6913b66e0dc" testName="AppointVaAPI.Tests.Controllers.Integration.DescuentosControllerIntegrationTests.Listar_ConEmpleado_Retorna403" computerName="RFACIL-07-DEV" duration="00:00:00.0067528" startTime="2026-08-14T14:06:33.5279491-06:00" endTime="2026-08-14T14:06:33.5346687-06:00" testType="13cdc9d9-ddb5-4fa4-a97d-d965ccfc6d4b" outcome="Passed" testListId="8c84fa94-04c1-424b-9868-57a2d4851a1d" relativeResultsDirectory="9a29e773-09e6-4589-9c08-819aacf5eae3" />
    <UnitTestResult executionId="4aafb5d1-82ff-4571-a401-0ac2abce872f" testId="d176dacb-3839-5fd2-4ca1-84c90700e6ae" testName="AppointVaAPI.Tests.BarraProgresoLogicTests.Porcentaje_MaximoCompleto_Es100" computerName="RFACIL-07-DEV" duration="00:00:00.0002356" startTime="2026-08-14T14:06:31.8196356-06:00" endTime="2026-08-14T14:06:31.8196868-06:00" testType="13cdc9d9-ddb5-4fa4-a97d-d965ccfc6d4b" outcome="Passed" testListId="8c84fa94-04c1-424b-9868-57a2d4851a1d" relativeResultsDirectory="4aafb5d1-82ff-4571-a401-0ac2abce872f" />
    <UnitTestResult executionId="e7e10ee2-c81d-48f1-a314-74ce1a091a7d" testId="a07227b1-b9ba-16af-e343-7a259c2e96c0" testName="AppointVaAPI.Tests.Controllers.Integration.BookingFlowIntegrationTests.ReagendarCita_EmailCorrecto_Retorna200" computerName="RFACIL-07-DEV" duration="00:00:00.0202108" startTime="2026-08-14T14:06:33.8887164-06:00" endTime="2026-08-14T14:06:33.9091042-06:00" testType="13cdc9d9-ddb5-4fa4-a97d-d965ccfc6d4b" outcome="Passed" testListId="8c84fa94-04c1-424b-9868-57a2d4851a1d" relativeResultsDirectory="e7e10ee2-c81d-48f1-a314-74ce1a091a7d" />
    <UnitTestResult executionId="5dd69fa7-8d7d-4610-9217-b039602916da" testId="dbee52b1-c98d-1e7c-ff75-e2e415ce1a4d" testName="AppointVaAPI.Tests.EsConflictoSerializacionTests.Con_Excepcion_Normal_Retorna_False" computerName="RFACIL-07-DEV" duration="00:00:00.0003918" startTime="2026-08-14T14:06:32.0749601-06:00" endTime="2026-08-14T14:06:32.0752691-06:00" testType="13cdc9d9-ddb5-4fa4-a97d-d965ccfc6d4b" outcome="Passed" testListId="8c84fa94-04c1-424b-9868-57a2d4851a1d" relativeResultsDirectory="5dd69fa7-8d7d-4610-9217-b039602916da" />
    <UnitTestResult executionId="b4985736-75d4-4039-9a6e-be2ff32b8334" testId="7320458c-8011-f1f7-91ef-4da2eefbc711" testName="AppointVaAPI.Tests.ListaEsperaAutomatizacionTests.CambiarEstado_Cancelada_ListaEsperaDesactivada_NoDisparaNotificacion" computerName="RFACIL-07-DEV" duration="00:00:00.0024370" startTime="2026-08-14T14:06:33.7988603-06:00" endTime="2026-08-14T14:06:33.8013110-06:00" testType="13cdc9d9-ddb5-4fa4-a97d-d965ccfc6d4b" outcome="Passed" testListId="8c84fa94-04c1-424b-9868-57a2d4851a1d" relativeResultsDirectory="b4985736-75d4-4039-9a6e-be2ff32b8334" />
    <UnitTestResult executionId="10367a24-8c63-4124-ad29-5de18a631172" testId="1c8656f7-a183-ff96-fe69-41c233ba3b16" testName="AppointVaAPI.Tests.EsConflictoSerializacionTests.Con_Excepcion_Postgres_Palabra_Serialization_Retorna_True" computerName="RFACIL-07-DEV" duration="00:00:00.0001209" startTime="2026-08-14T14:06:32.0757383-06:00" endTime="2026-08-14T14:06:32.0757859-06:00" testType="13cdc9d9-ddb5-4fa4-a97d-d965ccfc6d4b" outcome="Passed" testListId="8c84fa94-04c1-424b-9868-57a2d4851a1d" relativeResultsDirectory="10367a24-8c63-4124-ad29-5de18a631172" />
    <UnitTestResult executionId="ffeae499-0b0d-4d93-9352-a84faeb1dfc9" testId="3207e9dc-aa92-81a4-39f2-ae79528e2b9d" testName="AppointVaAPI.Tests.DisponibilidadServiceTests.ObtenerSlots_BloquearSlot_CuandoBloqueoHorarioSolapaConElSlot" computerName="RFACIL-07-DEV" duration="00:00:00.0018002" startTime="2026-08-14T14:06:32.4679929-06:00" endTime="2026-08-14T14:06:32.4697250-06:00" testType="13cdc9d9-ddb5-4fa4-a97d-d965ccfc6d4b" outcome="Passed" testListId="8c84fa94-04c1-424b-9868-57a2d4851a1d" relativeResultsDirectory="ffeae499-0b0d-4d93-9352-a84faeb1dfc9" />
    <UnitTestResult executionId="1b3b4b23-a61d-422a-95eb-09cb5b199411" testId="3316ad90-92d2-c19f-c814-bc3f9441e531" testName="AppointVaAPI.Tests.Controllers.Integration.BookingFlowIntegrationTests.ObtenerCita_CodigoValido_Retorna200" computerName="RFACIL-07-DEV" duration="00:00:00.0059418" startTime="2026-08-14T14:06:33.9099535-06:00" endTime="2026-08-14T14:06:33.9153505-06:00" testType="13cdc9d9-ddb5-4fa4-a97d-d965ccfc6d4b" outcome="Passed" testListId="8c84fa94-04c1-424b-9868-57a2d4851a1d" relativeResultsDirectory="1b3b4b23-a61d-422a-95eb-09cb5b199411" />
    <UnitTestResult executionId="74cf5bb4-7537-4c11-9428-c2436ab8cb4d" testId="9868675d-ace3-c944-02e6-8916275b9016" testName="AppointVaAPI.Tests.Controllers.Integration.ReportesControllerDataTests.ReportesCitas_ConDatosSeeded_Retorna200ConTotalesCorrectos" computerName="RFACIL-07-DEV" duration="00:00:00.0323219" startTime="2026-08-14T14:06:33.6374262-06:00" endTime="2026-08-14T14:06:33.6686754-06:00" testType="13cdc9d9-ddb5-4fa4-a97d-d965ccfc6d4b" outcome="Passed" testListId="8c84fa94-04c1-424b-9868-57a2d4851a1d" relativeResultsDirectory="74cf5bb4-7537-4c11-9428-c2436ab8cb4d" />
    <UnitTestResult executionId="9f261f98-9986-49bc-ae74-6629a7450607" testId="023e9fb5-0fec-1fd9-3585-e3d408acd695" testName="AppointVaAPI.Tests.Controllers.Integration.CitasAnticipoTests.MarcarAnticipo_Recibido_True_SetsCamposCorrectamente" computerName="RFACIL-07-DEV" duration="00:00:05.0803976" startTime="2026-08-14T14:06:28.6300543-06:00" endTime="2026-08-14T14:06:33.6969803-06:00" testType="13cdc9d9-ddb5-4fa4-a97d-d965ccfc6d4b" outcome="Passed" testListId="8c84fa94-04c1-424b-9868-57a2d4851a1d" relativeResultsDirectory="9f261f98-9986-49bc-ae74-6629a7450607" />
    <UnitTestResult executionId="13b0c3ad-8972-43e7-bae0-9d9b1d14a08e" testId="ef58cb52-a8ac-9cbd-3af5-4264a2cfb4d8" testName="AppointVaAPI.Tests.ListaEsperaAutomatizacionTests.CambiarEstado_Cancelada_ListaEsperaActiva_ConEntradaEsperando_DisparaNotificacion" computerName="RFACIL-07-DEV" duration="00:00:00.0072446" startTime="2026-08-14T14:06:33.8039294-06:00" endTime="2026-08-14T14:06:33.8110920-06:00" testType="13cdc9d9-ddb5-4fa4-a97d-d965ccfc6d4b" outcome="Passed" testListId="8c84fa94-04c1-424b-9868-57a2d4851a1d" relativeResultsDirectory="13b0c3ad-8972-43e7-bae0-9d9b1d14a08e" />
    <UnitTestResult executionId="9fc0d5c3-24a2-482c-833f-77142dc0e328" testId="0eb95449-1187-f0a5-19f9-1d06b9a528a9" testName="AppointVaAPI.Tests.Controllers.CitasControllerPlanLimitTests.Crear_MensajeError402_ContieneNumeroDeLimit" computerName="RFACIL-07-DEV" duration="00:00:00.0077896" startTime="2026-08-14T14:06:30.3683179-06:00" endTime="2026-08-14T14:06:30.3761327-06:00" testType="13cdc9d9-ddb5-4fa4-a97d-d965ccfc6d4b" outcome="Passed" testListId="8c84fa94-04c1-424b-9868-57a2d4851a1d" relativeResultsDirectory="9fc0d5c3-24a2-482c-833f-77142dc0e328" />
    <UnitTestResult executionId="0ead41c1-9630-4e28-9ad4-7fc8f7981667" testId="8dfe4451-ff27-3444-34c9-b1834ad5341d" testName="AppointVaAPI.Tests.Controllers.Integration.SuscripcionAdminControllerIntegrationTests.SetEmpleadosExtra_ConTokenPropietario_Returns403" computerName="RFACIL-07-DEV" duration="00:00:00.0019486" startTime="2026-08-14T14:06:33.7780558-06:00" endTime="2026-08-14T14:06:33.7802333-06:00" testType="13cdc9d9-ddb5-4fa4-a97d-d965ccfc6d4b" outcome="Passed" testListId="8c84fa94-04c1-424b-9868-57a2d4851a1d" relativeResultsDirectory="0ead41c1-9630-4e28-9ad4-7fc8f7981667" />
    <UnitTestResult executionId="bf465367-2607-4536-994f-5fe95b91647d" testId="2e691a0c-90d3-64fc-62b2-a9d17fde5eb8" testName="AppointVaAPI.Tests.Controllers.Integration.ServiciosControllerIntegrationTests.Listar_SinToken_Retorna401" computerName="RFACIL-07-DEV" duration="00:00:00.0022569" startTime="2026-08-14T14:06:33.6561000-06:00" endTime="2026-08-14T14:06:33.6575176-06:00" testType="13cdc9d9-ddb5-4fa4-a97d-d965ccfc6d4b" outcome="Passed" testListId="8c84fa94-04c1-424b-9868-57a2d4851a1d" relativeResultsDirectory="bf465367-2607-4536-994f-5fe95b91647d" />
    <UnitTestResult executionId="0a49437b-0d50-4b3c-9f57-01bd2ca65e28" testId="a29db74d-f48f-27de-6fa9-b97012818d74" testName="AppointVaAPI.Tests.Controllers.Integration.EmpleadosControllerIntegrationTests.Crear_ConEmpleado_Retorna403" computerName="RFACIL-07-DEV" duration="00:00:00.0056820" startTime="2026-08-14T14:06:33.9901568-06:00" endTime="2026-08-14T14:06:33.9956649-06:00" testType="13cdc9d9-ddb5-4fa4-a97d-d965ccfc6d4b" outcome="Passed" testListId="8c84fa94-04c1-424b-9868-57a2d4851a1d" relativeResultsDirectory="0a49437b-0d50-4b3c-9f57-01bd2ca65e28" />
    <UnitTestResult executionId="0ca8d818-76dc-44cc-87c0-d98658856956" testId="4e838e39-1ec6-bf74-948a-e979a8388421" testName="AppointVaAPI.Tests.Jobs.NotificacionJobCitasTests.EnviarReagenda_CitaNoExiste_NoLlamaNotificacion" computerName="RFACIL-07-DEV" duration="00:00:00.0020255" startTime="2026-08-14T14:06:32.2376281-06:00" endTime="2026-08-14T14:06:32.2395762-06:00" testType="13cdc9d9-ddb5-4fa4-a97d-d965ccfc6d4b" outcome="Passed" testListId="8c84fa94-04c1-424b-9868-57a2d4851a1d" relativeResultsDirectory="0ca8d818-76dc-44cc-87c0-d98658856956" />
    <UnitTestResult executionId="3b1ac7e0-a39a-41b9-99c0-9a2287005330" testId="9ad14ce2-7cd9-4f66-3d3c-118dd6c5fd19" testName="AppointVaAPI.Tests.Controllers.Integration.CierreCajaControllerTests.Post_GuardaCierre_YGetLoRetorna" computerName="RFACIL-07-DEV" duration="00:00:05.0870606" startTime="2026-08-14T14:06:28.6300459-06:00" endTime="2026-08-14T14:06:33.7124992-06:00" testType="13cdc9d9-ddb5-4fa4-a97d-d965ccfc6d4b" outcome="Passed" testListId="8c84fa94-04c1-424b-9868-57a2d4851a1d" relativeResultsDirectory="3b1ac7e0-a39a-41b9-99c0-9a2287005330" />
    <UnitTestResult executionId="5ecd0aad-11de-407f-9106-2d8b5d130d28" testId="07249c7f-4f64-a78e-6831-63aaee5fcdd7" testName="AppointVaAPI.Tests.ListaEsperaAutomatizacionTests.NotificarListaEspera_SinEntradas_NoHaceNada" computerName="RFACIL-07-DEV" duration="00:00:00.0009129" startTime="2026-08-14T14:06:33.7979489-06:00" endTime="2026-08-14T14:06:33.7987753-06:00" testType="13cdc9d9-ddb5-4fa4-a97d-d965ccfc6d4b" outcome="Passed" testListId="8c84fa94-04c1-424b-9868-57a2d4851a1d" relativeResultsDirectory="5ecd0aad-11de-407f-9106-2d8b5d130d28" />
    <UnitTestResult executionId="e8561a05-869d-4705-b138-4423fce61100" testId="609d224b-3c6f-8e5f-3049-e2a9994cce1f" testName="AppointVaAPI.Tests.Services.RecordatorioServiceTests.EnviarRecordatorio_CitaConfirmada_LlamaNotificacionUnaVez" computerName="RFACIL-07-DEV" duration="00:00:00.0517234" startTime="2026-08-14T14:06:32.0168635-06:00" endTime="2026-08-14T14:06:32.0685114-06:00" testType="13cdc9d9-ddb5-4fa4-a97d-d965ccfc6d4b" outcome="Passed" testListId="8c84fa94-04c1-424b-9868-57a2d4851a1d" relativeResultsDirectory="e8561a05-869d-4705-b138-4423fce61100" />
    <UnitTestResult executionId="1f60a83e-11a5-476f-ad14-b6e654ada2a2" testId="b6aebca5-7723-6006-05c5-bdbe2aae1448" testName="AppointVaAPI.Tests.Controllers.Integration.ReportesControllerDataTests.ReportesRetencion_ConDatosSeeded_Retorna200" computerName="RFACIL-07-DEV" duration="00:00:05.0224760" startTime="2026-08-14T14:06:28.6299051-06:00" endTime="2026-08-14T14:06:33.6359992-06:00" testType="13cdc9d9-ddb5-4fa4-a97d-d965ccfc6d4b" outcome="Passed" testListId="8c84fa94-04c1-424b-9868-57a2d4851a1d" relativeResultsDirectory="1f60a83e-11a5-476f-ad14-b6e654ada2a2" />
    <UnitTestResult executionId="6648b00d-81c2-41a9-9a82-7e30d1eaacac" testId="d42f7204-a741-e4de-fcde-9392bda6cecb" testName="AppointVaAPI.Tests.Controllers.Integration.NegociosControllerIntegrationTests.Perfil_ConPropietario_PasaGateDeAuth" computerName="RFACIL-07-DEV" duration="00:00:03.8191483" startTime="2026-08-14T14:06:29.7612671-06:00" endTime="2026-08-14T14:06:33.5802986-06:00" testType="13cdc9d9-ddb5-4fa4-a97d-d965ccfc6d4b" outcome="Passed" testListId="8c84fa94-04c1-424b-9868-57a2d4851a1d" relativeResultsDirectory="6648b00d-81c2-41a9-9a82-7e30d1eaacac" />
    <UnitTestResult executionId="f3e5b912-61a2-40d2-b673-0d490c0781ad" testId="9e8fc642-1977-86b4-f561-865c3961b04d" testName="AppointVaAPI.Tests.EsConflictoSerializacionTests.Con_Excepcion_Postgres_Palabra_Deadlock_Retorna_True" computerName="RFACIL-07-DEV" duration="00:00:00.0001421" startTime="2026-08-14T14:06:32.0753909-06:00" endTime="2026-08-14T14:06:32.0754450-06:00" testType="13cdc9d9-ddb5-4fa4-a97d-d965ccfc6d4b" outcome="Passed" testListId="8c84fa94-04c1-424b-9868-57a2d4851a1d" relativeResultsDirectory="f3e5b912-61a2-40d2-b673-0d490c0781ad" />
    <UnitTestResult executionId="dbc6f50b-0c30-4800-9746-51c9c007459b" testId="33fbb59d-1b6d-e4d3-b17e-22e9ea043a4d" testName="AppointVaAPI.Tests.Services.EmailTemplatesTests.PlantillaListaEspera_ContainsExpectedContent" computerName="RFACIL-07-DEV" duration="00:00:00.0003314" startTime="2026-08-14T14:06:29.0169106-06:00" endTime="2026-08-14T14:06:29.0169355-06:00" testType="13cdc9d9-ddb5-4fa4-a97d-d965ccfc6d4b" outcome="Passed" testListId="8c84fa94-04c1-424b-9868-57a2d4851a1d" relativeResultsDirectory="dbc6f50b-0c30-4800-9746-51c9c007459b" />
    <UnitTestResult executionId="7dc28673-e6de-4c60-8eee-b8067987147e" testId="826fd533-08f9-2ebc-5d42-14d9d2e84e9f" testName="AppointVaAPI.Tests.Controllers.Integration.AuditAdminControllerIntegrationTests.Listar_SinToken_Retorna401" computerName="RFACIL-07-DEV" duration="00:00:00.0200441" startTime="2026-08-14T14:06:33.6070377-06:00" endTime="2026-08-14T14:06:33.6304977-06:00" testType="13cdc9d9-ddb5-4fa4-a97d-d965ccfc6d4b" outcome="Passed" testListId="8c84fa94-04c1-424b-9868-57a2d4851a1d" relativeResultsDirectory="7dc28673-e6de-4c60-8eee-b8067987147e" />
    <UnitTestResult executionId="13e776d8-aa52-4c90-967b-9624e0f5031b" testId="f28c4559-6301-b527-5051-073e65ef8e0f" testName="AppointVaAPI.Tests.Controllers.CitasControllerCambiarEstadoTests.ConfirmadaAConfirmada_NoEncolaEmailConfirmacion" computerName="RFACIL-07-DEV" duration="00:00:00.0009713" startTime="2026-08-14T14:06:32.3403605-06:00" endTime="2026-08-14T14:06:32.3413012-06:00" testType="13cdc9d9-ddb5-4fa4-a97d-d965ccfc6d4b" outcome="Passed" testListId="8c84fa94-04c1-424b-9868-57a2d4851a1d" relativeResultsDirectory="13e776d8-aa52-4c90-967b-9624e0f5031b" />
    <UnitTestResult executionId="2f36c848-bb3c-42e7-aa1a-a6947e056e1b" testId="1cbca684-ea1b-e414-e1b8-15db0c027e93" testName="AppointVaAPI.Tests.ValidacionHorasTests.FormatosInvalidos_RetornanFalse(hora: &quot;DROP TABLE&quot;)" computerName="RFACIL-07-DEV" duration="00:00:00.0002655" startTime="2026-08-14T14:06:33.6088972-06:00" endTime="2026-08-14T14:06:33.6091524-06:00" testType="13cdc9d9-ddb5-4fa4-a97d-d965ccfc6d4b" outcome="Passed" testListId="8c84fa94-04c1-424b-9868-57a2d4851a1d" relativeResultsDirectory="2f36c848-bb3c-42e7-aa1a-a6947e056e1b" />
    <UnitTestResult executionId="a06304ec-e389-45d1-bfed-44fc19dac1f5" testId="872546db-72f6-331c-0d93-6bdec61c9746" testName="AppointVaAPI.Tests.ValidacionHorasTests.FormatosInvalidos_RetornanFalse(hora: &quot;9am&quot;)" computerName="RFACIL-07-DEV" duration="00:00:00.0000349" startTime="2026-08-14T14:06:33.6108877-06:00" endTime="2026-08-14T14:06:33.6111679-06:00" testType="13cdc9d9-ddb5-4fa4-a97d-d965ccfc6d4b" outcome="Passed" testListId="8c84fa94-04c1-424b-9868-57a2d4851a1d" relativeResultsDirectory="a06304ec-e389-45d1-bfed-44fc19dac1f5" />
    <UnitTestResult executionId="960b2cbf-dddc-4457-a5c7-0afb29030207" testId="ee0861d6-58c2-4ed7-5d30-aca35c430420" testName="AppointVaAPI.Tests.Controllers.Integration.NegocioAnticipoTests.ActualizarPerfil_NuevosCamposAnticipo_GuardaYDevuelveCorrectamente" computerName="RFACIL-07-DEV" duration="00:00:05.0290019" startTime="2026-08-14T14:06:28.6300210-06:00" endTime="2026-08-14T14:06:33.6453409-06:00" testType="13cdc9d9-ddb5-4fa4-a97d-d965ccfc6d4b" outcome="Passed" testListId="8c84fa94-04c1-424b-9868-57a2d4851a1d" relativeResultsDirectory="960b2cbf-dddc-4457-a5c7-0afb29030207" />
    <UnitTestResult executionId="f76ea882-56fd-4142-9524-48378552332c" testId="d2f5ac2e-0bc8-32d4-db58-e6a7bedf0fa3" testName="AppointVaAPI.Tests.SlotSolapamientoTests.CitaQueEngloba_Solapa" computerName="RFACIL-07-DEV" duration="00:00:00.0002158" startTime="2026-08-14T14:06:33.6079487-06:00" endTime="2026-08-14T14:06:33.6080526-06:00" testType="13cdc9d9-ddb5-4fa4-a97d-d965ccfc6d4b" outcome="Passed" testListId="8c84fa94-04c1-424b-9868-57a2d4851a1d" relativeResultsDirectory="f76ea882-56fd-4142-9524-48378552332c" />
    <UnitTestResult executionId="d9e3eca8-b907-40a0-b0dc-0f02e34ceff0" testId="07f1918f-afa9-ac94-3699-ee84fc85e495" testName="AppointVaAPI.Tests.Services.RecordatorioServiceTests.EnviarRecordatorio_CitaCancelada_NoLlamaNotificacion" computerName="RFACIL-07-DEV" duration="00:00:00.0026863" startTime="2026-08-14T14:06:32.0687004-06:00" endTime="2026-08-14T14:06:32.0712465-06:00" testType="13cdc9d9-ddb5-4fa4-a97d-d965ccfc6d4b" outcome="Passed" testListId="8c84fa94-04c1-424b-9868-57a2d4851a1d" relativeResultsDirectory="d9e3eca8-b907-40a0-b0dc-0f02e34ceff0" />
    <UnitTestResult executionId="b38127b9-c101-4ef5-9d4d-a128b7b4de12" testId="1a14d8f0-bafa-2920-554f-5cbb831f6d76" testName="AppointVaAPI.Tests.Services.EmailTemplatesTests.PlantillaBienvenida_ContainsTipEmojis" computerName="RFACIL-07-DEV" duration="00:00:00.0001755" startTime="2026-08-14T14:06:29.0161975-06:00" endTime="2026-08-14T14:06:29.0162330-06:00" testType="13cdc9d9-ddb5-4fa4-a97d-d965ccfc6d4b" outcome="Passed" testListId="8c84fa94-04c1-424b-9868-57a2d4851a1d" relativeResultsDirectory="b38127b9-c101-4ef5-9d4d-a128b7b4de12" />
    <UnitTestResult executionId="71562098-b013-4d32-8a10-cbd2e0bf0ce5" testId="4da09801-001b-02c1-7ec4-b8fc26241d50" testName="AppointVaAPI.Tests.Controllers.PublicoControllerCrearCitaTests.RetornaConflict_CuandoSlotSolapado" computerName="RFACIL-07-DEV" duration="00:00:00.0759528" startTime="2026-08-14T14:06:30.2658081-06:00" endTime="2026-08-14T14:06:30.3416327-06:00" testType="13cdc9d9-ddb5-4fa4-a97d-d965ccfc6d4b" outcome="Passed" testListId="8c84fa94-04c1-424b-9868-57a2d4851a1d" relativeResultsDirectory="71562098-b013-4d32-8a10-cbd2e0bf0ce5" />
    <UnitTestResult executionId="d1ce4e5c-faf8-4cf7-928b-341a08842663" testId="d4cc6e93-0b6b-9a6b-6ee4-dca81fad3d0d" testName="AppointVaAPI.Tests.BarraProgresoLogicTests.Aviso_SeMuestraDesde75Porciento(pct: 85, debeMostrar: True)" computerName="RFACIL-07-DEV" duration="00:00:00.0000071" startTime="2026-08-14T14:06:31.8213682-06:00" endTime="2026-08-14T14:06:31.8214415-06:00" testType="13cdc9d9-ddb5-4fa4-a97d-d965ccfc6d4b" outcome="Passed" testListId="8c84fa94-04c1-424b-9868-57a2d4851a1d" relativeResultsDirectory="d1ce4e5c-faf8-4cf7-928b-341a08842663" />
    <UnitTestResult executionId="1ad117e0-45e8-431b-8381-a58642130ac0" testId="7934da00-560f-2291-064a-7f2bddc7b2ee" testName="AppointVaAPI.Tests.PoliticaCancelacionTests.ConPolitica_CitaYaPasada_NoPuedeCancel" computerName="RFACIL-07-DEV" duration="00:00:00.0001437" startTime="2026-08-14T14:06:31.8246275-06:00" endTime="2026-08-14T14:06:31.8246978-06:00" testType="13cdc9d9-ddb5-4fa4-a97d-d965ccfc6d4b" outcome="Passed" testListId="8c84fa94-04c1-424b-9868-57a2d4851a1d" relativeResultsDirectory="1ad117e0-45e8-431b-8381-a58642130ac0" />
    <UnitTestResult executionId="f471a9a9-aff0-4d28-a5ce-c37d3665ab41" testId="70d32674-c6bd-e7ea-4ea1-597590f42c36" testName="AppointVaAPI.Tests.Controllers.CitasControllerCambiarEstadoTests.PendienteAConfirmada_SinEmail_NoEncolaEmailConfirmacion" computerName="RFACIL-07-DEV" duration="00:00:00.0010529" startTime="2026-08-14T14:06:32.3344736-06:00" endTime="2026-08-14T14:06:32.3354826-06:00" testType="13cdc9d9-ddb5-4fa4-a97d-d965ccfc6d4b" outcome="Passed" testListId="8c84fa94-04c1-424b-9868-57a2d4851a1d" relativeResultsDirectory="f471a9a9-aff0-4d28-a5ce-c37d3665ab41" />
    <UnitTestResult executionId="f328cef3-3a7c-4113-a646-2d2e6117f243" testId="c60f365b-dc7e-9c2c-c2ee-455e1ad19646" testName="AppointVaAPI.Tests.PlanLimitTests.Theory_PlanLimite(planLimite: 10, citasMes: 9, esperaBloqueo: False)" computerName="RFACIL-07-DEV" duration="00:00:00.0000010" startTime="2026-08-14T14:06:28.9215294-06:00" endTime="2026-08-14T14:06:28.9215479-06:00" testType="13cdc9d9-ddb5-4fa4-a97d-d965ccfc6d4b" outcome="Passed" testListId="8c84fa94-04c1-424b-9868-57a2d4851a1d" relativeResultsDirectory="f328cef3-3a7c-4113-a646-2d2e6117f243" />
    <UnitTestResult executionId="65b97d0a-3074-45a1-8ccb-9e21a4e62900" testId="a500a064-9fec-fb65-5279-1a3120a9b3c0" testName="AppointVaAPI.Tests.Services.EmailTemplatesTests.PlantillaConfirmacion_ConEmpleado_ContainsEmpleadoName" computerName="RFACIL-07-DEV" duration="00:00:00.0001904" startTime="2026-08-14T14:06:29.0163227-06:00" endTime="2026-08-14T14:06:29.0163655-06:00" testType="13cdc9d9-ddb5-4fa4-a97d-d965ccfc6d4b" outcome="Passed" testListId="8c84fa94-04c1-424b-9868-57a2d4851a1d" relativeResultsDirectory="65b97d0a-3074-45a1-8ccb-9e21a4e62900" />
    <UnitTestResult executionId="f7651fde-e87e-4b2c-8451-72418d4841d5" testId="999a9abc-2004-dd63-380a-ec3178360287" testName="AppointVaAPI.Tests.Controllers.CitasControllerCambiarEstadoTests.RetornaNotFound_CuandoCitaNoExiste" computerName="RFACIL-07-DEV" duration="00:00:00.0010081" startTime="2026-08-14T14:06:32.3365306-06:00" endTime="2026-08-14T14:06:32.3375033-06:00" testType="13cdc9d9-ddb5-4fa4-a97d-d965ccfc6d4b" outcome="Passed" testListId="8c84fa94-04c1-424b-9868-57a2d4851a1d" relativeResultsDirectory="f7651fde-e87e-4b2c-8451-72418d4841d5" />
    <UnitTestResult executionId="d6e2aa98-e162-4e79-bbbc-75ab113e5bd3" testId="e0734a6d-6c6e-2bd7-db52-8dc9b0be8bbe" testName="AppointVaAPI.Tests.Services.RecordatorioServiceTests.EnviarRecordatorio_CitaCompletada_NoLlamaNotificacion" computerName="RFACIL-07-DEV" duration="00:00:00.0024993" startTime="2026-08-14T14:06:32.0720771-06:00" endTime="2026-08-14T14:06:32.0738077-06:00" testType="13cdc9d9-ddb5-4fa4-a97d-d965ccfc6d4b" outcome="Passed" testListId="8c84fa94-04c1-424b-9868-57a2d4851a1d" relativeResultsDirectory="d6e2aa98-e162-4e79-bbbc-75ab113e5bd3" />
    <UnitTestResult executionId="fcc3b774-1593-4a9d-8fcd-8f90fe3e5b4e" testId="d8616047-e972-4392-890f-d2f1e2bf889e" testName="AppointVaAPI.Tests.Controllers.CitasControllerReagendarTests.Reagendar_SiempreEncolaPushAlEmpleado" computerName="RFACIL-07-DEV" duration="00:00:00.0014083" startTime="2026-08-14T14:06:30.2132495-06:00" endTime="2026-08-14T14:06:30.2146191-06:00" testType="13cdc9d9-ddb5-4fa4-a97d-d965ccfc6d4b" outcome="Passed" testListId="8c84fa94-04c1-424b-9868-57a2d4851a1d" relativeResultsDirectory="fcc3b774-1593-4a9d-8fcd-8f90fe3e5b4e" />
    <UnitTestResult executionId="5148adb0-0ef9-41f5-bdca-5d5edff9a078" testId="72a7bfca-6051-8db5-9e86-67f15c30c81a" testName="AppointVaAPI.Tests.Controllers.Integration.IntakeControllerIntegrationTests.Campos_ConEmpleado_Retorna403" computerName="RFACIL-07-DEV" duration="00:00:00.0047871" startTime="2026-08-14T14:06:33.6027235-06:00" endTime="2026-08-14T14:06:33.6071449-06:00" testType="13cdc9d9-ddb5-4fa4-a97d-d965ccfc6d4b" outcome="Passed" testListId="8c84fa94-04c1-424b-9868-57a2d4851a1d" relativeResultsDirectory="5148adb0-0ef9-41f5-bdca-5d5edff9a078" />
    <UnitTestResult executionId="f2fc58ea-e10a-4bc3-9d96-adb6b6fa9ecb" testId="026dda7d-f797-5d23-dce4-347e32fb9900" testName="AppointVaAPI.Tests.Controllers.Integration.PublicoAnticipoTests.ObtenerCita_DevuelveMontoAnticipoDelSnapshot" computerName="RFACIL-07-DEV" duration="00:00:00.0160623" startTime="2026-08-14T14:06:33.8597506-06:00" endTime="2026-08-14T14:06:33.8759324-06:00" testType="13cdc9d9-ddb5-4fa4-a97d-d965ccfc6d4b" outcome="Passed" testListId="8c84fa94-04c1-424b-9868-57a2d4851a1d" relativeResultsDirectory="f2fc58ea-e10a-4bc3-9d96-adb6b6fa9ecb" />
    <UnitTestResult executionId="365fe294-9cd8-47b0-923f-4b01413b4ae4" testId="9c919394-ce83-edb6-87ee-eb73f97c8cc5" testName="AppointVaAPI.Tests.SlotSolapamientoTests.Generacion_HorarioCerrado_NingunSlot" computerName="RFACIL-07-DEV" duration="00:00:00.0027957" startTime="2026-08-14T14:06:33.6066052-06:00" endTime="2026-08-14T14:06:33.6076749-06:00" testType="13cdc9d9-ddb5-4fa4-a97d-d965ccfc6d4b" outcome="Passed" testListId="8c84fa94-04c1-424b-9868-57a2d4851a1d" relativeResultsDirectory="365fe294-9cd8-47b0-923f-4b01413b4ae4" />
    <UnitTestResult executionId="140c8ed7-1cf2-4c41-9816-80a008896586" testId="123bbfd8-e383-6293-aa47-380fb4c2626d" testName="AppointVaAPI.Tests.Controllers.PublicoControllerPlanLimitTests.CrearCita_Retorna404_CuandoNegocioInactivo" computerName="RFACIL-07-DEV" duration="00:00:00.0013417" startTime="2026-08-14T14:06:32.0975316-06:00" endTime="2026-08-14T14:06:32.0987674-06:00" testType="13cdc9d9-ddb5-4fa4-a97d-d965ccfc6d4b" outcome="Passed" testListId="8c84fa94-04c1-424b-9868-57a2d4851a1d" relativeResultsDirectory="140c8ed7-1cf2-4c41-9816-80a008896586" />
    <UnitTestResult executionId="4a771ad4-b24a-47f3-81a3-c88852f40647" testId="1cc30402-1fd4-03e1-590a-23df99646c24" testName="AppointVaAPI.Tests.PlanLimitTests.Theory_PlanLimite(planLimite: 10, citasMes: 10, esperaBloqueo: True)" computerName="RFACIL-07-DEV" duration="00:00:00.2956630" startTime="2026-08-14T14:06:28.6299141-06:00" endTime="2026-08-14T14:06:28.9165613-06:00" testType="13cdc9d9-ddb5-4fa4-a97d-d965ccfc6d4b" outcome="Passed" testListId="8c84fa94-04c1-424b-9868-57a2d4851a1d" relativeResultsDirectory="4a771ad4-b24a-47f3-81a3-c88852f40647" />
    <UnitTestResult executionId="d0470988-4b67-412b-aff4-4166a9fd294c" testId="29c47ea9-03ef-5a0b-304d-7d06e9b9a847" testName="AppointVaAPI.Tests.ListaEsperaAutomatizacionTests.CambiarEstado_Cancelada_CitaEnMenosDe2Horas_NoDisparaNotificacion" computerName="RFACIL-07-DEV" duration="00:00:00.0018501" startTime="2026-08-14T14:06:33.8112553-06:00" endTime="2026-08-14T14:06:33.8129664-06:00" testType="13cdc9d9-ddb5-4fa4-a97d-d965ccfc6d4b" outcome="Passed" testListId="8c84fa94-04c1-424b-9868-57a2d4851a1d" relativeResultsDirectory="d0470988-4b67-412b-aff4-4166a9fd294c" />
    <UnitTestResult executionId="5023d964-cad3-4e6b-b23e-49690b5c6000" testId="8e6d609a-e617-5cb6-aac4-268e5035ceb5" testName="AppointVaAPI.Tests.BarraProgresoLogicTests.Aviso_SeMuestraDesde75Porciento(pct: 75, debeMostrar: True)" computerName="RFACIL-07-DEV" duration="00:00:00.0005056" startTime="2026-08-14T14:06:31.8209098-06:00" endTime="2026-08-14T14:06:31.8209969-06:00" testType="13cdc9d9-ddb5-4fa4-a97d-d965ccfc6d4b" outcome="Passed" testListId="8c84fa94-04c1-424b-9868-57a2d4851a1d" relativeResultsDirectory="5023d964-cad3-4e6b-b23e-49690b5c6000" />
[...]
V Horarios asignados a empleados de Sal�n Aramis.&#xD;
V Horarios asignados a empleados de Sal�n Aramis.&#xD;
V Horarios asignados a empleados de Sal�n Aramis.&#xD;
V Servicios asignados a empleados de Sal�n Aramis.&#xD;
V Servicios asignados a empleados de Sal�n Aramis.&#xD;
V Servicios asignados a empleados de Sal�n Aramis.&#xD;
V Servicios asignados a empleados de Sal�n Aramis.&#xD;
V Servicios asignados a empleados de Sal�n Aramis.&#xD;
V Horarios del negocio Sal�n Aramis guardados.&#xD;
V Horarios del negocio Sal�n Aramis guardados.&#xD;
V Horarios del negocio Sal�n Aramis guardados.&#xD;
V Horarios del negocio Sal�n Aramis guardados.&#xD;
V Horarios del negocio Sal�n Aramis guardados.&#xD;
V Horarios del negocio Sal�n Aramis guardados.&#xD;
V Horarios del negocio Sal�n Aramis guardados.&#xD;
V Horarios del negocio Sal�n Aramis guardados.&#xD;
V Horarios del negocio Sal�n Aramis guardados.&#xD;
V Horarios del negocio Sal�n Aramis guardados.&#xD;
V Horarios del negocio Sal�n Aramis guardados.&#xD;
V Horarios del negocio Sal�n Aramis guardados.&#xD;
V Horarios del negocio Sal�n Aramis guardados.&#xD;
V Horarios del negocio Sal�n Aramis guardados.&#xD;
V Horarios del negocio Sal�n Aramis guardados.&#xD;
V Horarios del negocio Sal�n Aramis guardados.&#xD;
V Horarios del negocio Sal�n Aramis guardados.&#xD;
V Horarios del negocio Sal�n Aramis guardados.&#xD;
V Horarios del negocio Sal�n Aramis guardados.&#xD;
V Horarios del negocio Sal�n Aramis guardados.&#xD;
V Horarios del negocio Sal�n Aramis guardados.&#xD;
V Horarios del negocio Sal�n Aramis guardados.&#xD;
V Horarios del negocio Sal�n Aramis guardados.&#xD;
V 8 clientes creados para Sal�n Aramis.&#xD;
V 8 clientes creados para Sal�n Aramis.&#xD;
V 8 clientes creados para Sal�n Aramis.&#xD;
V 8 clientes creados para Sal�n Aramis.&#xD;
V 8 clientes creados para Sal�n Aramis.&#xD;
V 8 clientes creados para Sal�n Aramis.&#xD;
V 8 clientes creados para Sal�n Aramis.&#xD;
V 8 clientes creados para Sal�n Aramis.&#xD;
V 8 clientes creados para Sal�n Aramis.&#xD;
V 8 clientes creados para Sal�n Aramis.&#xD;
V 8 clientes creados para Sal�n Aramis.&#xD;
V 8 clientes creados para Sal�n Aramis.&#xD;
V 8 clientes creados para Sal�n Aramis.&#xD;
V 8 clientes creados para Sal�n Aramis.&#xD;
V 8 clientes creados para Sal�n Aramis.&#xD;
V 8 clientes creados para Sal�n Aramis.&#xD;
V 8 clientes creados para Sal�n Aramis.&#xD;
V 8 clientes creados para Sal�n Aramis.&#xD;
V 8 clientes creados para Sal�n Aramis.&#xD;
V 8 clientes creados para Sal�n Aramis.&#xD;
V 8 clientes creados para Sal�n Aramis.&#xD;
V 8 clientes creados para Sal�n Aramis.&#xD;
V 8 clientes creados para Sal�n Aramis.&#xD;
V 26 citas creadas para Sal�n Aramis.&#xD;
V 26 citas creadas para Sal�n Aramis.&#xD;
V 26 citas creadas para Sal�n Aramis.&#xD;
V 26 citas creadas para Sal�n Aramis.&#xD;
V 26 citas creadas para Sal�n Aramis.&#xD;
V 26 citas creadas para Sal�n Aramis.&#xD;
V 26 citas creadas para Sal�n Aramis.&#xD;
V 26 citas creadas para Sal�n Aramis.&#xD;
V 26 citas creadas para Sal�n Aramis.&#xD;
V 26 citas creadas para Sal�n Aramis.&#xD;
V 26 citas creadas para Sal�n Aramis.&#xD;
V 26 citas creadas para Sal�n Aramis.&#xD;
V 26 citas creadas para Sal�n Aramis.&#xD;
V 26 citas creadas para Sal�n Aramis.&#xD;
V 26 citas creadas para Sal�n Aramis.&#xD;
V 26 citas creadas para Sal�n Aramis.&#xD;
V 26 citas creadas para Sal�n Aramis.&#xD;
V 26 citas creadas para Sal�n Aramis.&#xD;
V 26 citas creadas para Sal�n Aramis.&#xD;
V 26 citas creadas para Sal�n Aramis.&#xD;
V 26 citas creadas para Sal�n Aramis.&#xD;
V Estad�sticas de clientes actualizadas.&#xD;
V Estad�sticas de clientes actualizadas.&#xD;
V Estad�sticas de clientes actualizadas.&#xD;
V Estad�sticas de clientes actualizadas.&#xD;
V Estad�sticas de clientes actualizadas.&#xD;
V Estad�sticas de clientes actualizadas.&#xD;
V Estad�sticas de clientes actualizadas.&#xD;
V Estad�sticas de clientes actualizadas.&#xD;
V Estad�sticas de clientes actualizadas.&#xD;
V Estad�sticas de clientes actualizadas.&#xD;
V Estad�sticas de clientes actualizadas.&#xD;
V Estad�sticas de clientes actualizadas.&#xD;
V Estad�sticas de clientes actualizadas.&#xD;
V 26 citas creadas para Sal�n Aramis.&#xD;
V Estad�sticas de clientes actualizadas.&#xD;
V 26 citas creadas para Sal�n Aramis.&#xD;
V Estad�sticas de clientes actualizadas.&#xD;
V Estad�sticas de clientes actualizadas.&#xD;
V Estad�sticas de clientes actualizadas.&#xD;
V Estad�sticas de clientes actualizadas.&#xD;
V Estad�sticas de clientes actualizadas.&#xD;
V Estad�sticas de clientes actualizadas.&#xD;
V Estad�sticas de clientes actualizadas.&#xD;
V Estad�sticas de clientes actualizadas.&#xD;
V Estad�sticas de clientes actualizadas.&#xD;
V [Recuperaci�n] Propietario aramis@salon-aramis.com creado.&#xD;
V [Recuperaci�n] Propietario aramis@salon-aramis.com creado.&#xD;
V [Recuperaci�n] Propietario aramis@salon-aramis.com creado.&#xD;
V [Recuperaci�n] Propietario aramis@salon-aramis.com creado.&#xD;
V [Recuperaci�n] Propietario aramis@salon-aramis.com creado.&#xD;
V [Recuperaci�n] Propietario aramis@salon-aramis.com creado.&#xD;
V [Recuperaci�n] Propietario aramis@salon-aramis.com creado.&#xD;
V [Recuperaci�n] Propietario aramis@salon-aramis.com creado.&#xD;
V [Recuperaci�n] Propietario aramis@salon-aramis.com creado.&#xD;
V [Recuperaci�n] Propietario aramis@salon-aramis.com creado.&#xD;
V [Recuperaci�n] Propietario aramis@salon-aramis.com creado.&#xD;
V [Recuperaci�n] Propietario aramis@salon-aramis.com creado.&#xD;
V [Recuperaci�n] Propietario aramis@salon-aramis.com creado.&#xD;
V [Recuperaci�n] Propietario aramis@salon-aramis.com creado.&#xD;
V [Recuperaci�n] Propietario aramis@salon-aramis.com creado.&#xD;
V [Recuperaci�n] Propietario aramis@salon-aramis.com creado.&#xD;
V [Recuperaci�n] Propietario aramis@salon-aramis.com creado.&#xD;
V [Recuperaci�n] Propietario aramis@salon-aramis.com creado.&#xD;
V [Recuperaci�n] Propietario aramis@salon-aramis.com creado.&#xD;
V [Recuperaci�n] Propietario aramis@salon-aramis.com creado.&#xD;
V [Recuperaci�n] Propietario aramis@salon-aramis.com creado.&#xD;
V [Recuperaci�n] Propietario aramis@salon-aramis.com creado.&#xD;
V [Recuperaci�n] Propietario aramis@salon-aramis.com creado.&#xD;
V [Recuperaci�n] Empleado sofia@salon-aramis.com creado.&#xD;
V [Recuperaci�n] Empleado sofia@salon-aramis.com creado.&#xD;
V [Recuperaci�n] Empleado sofia@salon-aramis.com creado.&#xD;
V [Recuperaci�n] Empleado sofia@salon-aramis.com creado.&#xD;
V [Recuperaci�n] Empleado sofia@salon-aramis.com creado.&#xD;
V [Recuperaci�n] Empleado sofia@salon-aramis.com creado.&#xD;
V [Recuperaci�n] Empleado sofia@salon-aramis.com creado.&#xD;
V [Recuperaci�n] Empleado sofia@salon-aramis.com creado.&#xD;
V [Recuperaci�n] Empleado sofia@salon-aramis.com creado.&#xD;
V [Recuperaci�n] Empleado sofia@salon-aramis.com creado.&#xD;
V [Recuperaci�n] Empleado sofia@salon-aramis.com creado.&#xD;
V [Recuperaci�n] Empleado sofia@salon-aramis.com creado.&#xD;
V [Recuperaci�n] Empleado sofia@salon-aramis.com creado.&#xD;
V [Recuperaci�n] Empleado sofia@salon-aramis.com creado.&#xD;
V [Recuperaci�n] Empleado sofia@salon-aramis.com creado.&#xD;
V [Recuperaci�n] Empleado sofia@salon-aramis.com creado.&#xD;
V [Recuperaci�n] Empleado sofia@salon-aramis.com creado.&#xD;
V [Recuperaci�n] Empleado sofia@salon-aramis.com creado.&#xD;
V [Recuperaci�n] Empleado sofia@salon-aramis.com creado.&#xD;
V [Recuperaci�n] Empleado sofia@salon-aramis.com creado.&#xD;
V [Recuperaci�n] Empleado sofia@salon-aramis.com creado.&#xD;
V [Recuperaci�n] Empleado sofia@salon-aramis.com creado.&#xD;
V [Recuperaci�n] Empleado sofia@salon-aramis.com creado.&#xD;
V [Recuperaci�n] Empleado valentina@salon-aramis.com creado.&#xD;
===========================================================================&#xD;
   Datos demo cargados exitosamente&#xD;
===========================================================================&#xD;
V [Recuperaci�n] Empleado valentina@salon-aramis.com creado.&#xD;
===========================================================================&#xD;
   Datos demo cargados exitosamente&#xD;
===========================================================================&#xD;
V [Recuperaci�n] Empleado valentina@salon-aramis.com creado.&#xD;
===========================================================================&#xD;
   Datos demo cargados exitosamente&#xD;
===========================================================================&#xD;
V [Recuperaci�n] Empleado valentina@salon-aramis.com creado.&#xD;
===========================================================================&#xD;
   Datos demo cargados exitosamente&#xD;
===========================================================================&#xD;
V [Recuperaci�n] Empleado valentina@salon-aramis.com creado.&#xD;
===========================================================================&#xD;
   Datos demo cargados exitosamente&#xD;
===========================================================================&#xD;
V [Recuperaci�n] Empleado valentina@salon-aramis.com creado.&#xD;
===========================================================================&#xD;
   Datos demo cargados exitosamente&#xD;
===========================================================================&#xD;
V [Recuperaci�n] Empleado valentina@salon-aramis.com creado.&#xD;
===========================================================================&#xD;
   Datos demo cargados exitosamente&#xD;
===========================================================================&#xD;
V [Recuperaci�n] Empleado valentina@salon-aramis.com creado.&#xD;
===========================================================================&#xD;
   Datos demo cargados exitosamente&#xD;
===========================================================================&#xD;
V [Recuperaci�n] Empleado valentina@salon-aramis.com creado.&#xD;
===========================================================================&#xD;
   Datos demo cargados exitosamente&#xD;
===========================================================================&#xD;
V [Recuperaci�n] Empleado valentina@salon-aramis.com creado.&#xD;
===========================================================================&#xD;
   Datos demo cargados exitosamente&#xD;
===========================================================================&#xD;
V [Recuperaci�n] Empleado valentina@salon-aramis.com creado.&#xD;
===========================================================================&#xD;
   Datos demo cargados exitosamente&#xD;
===========================================================================&#xD;
V [Recuperaci�n] Empleado valentina@salon-aramis.com creado.&#xD;
===========================================================================&#xD;
   Datos demo cargados exitosamente&#xD;
===========================================================================&#xD;
V [Recuperaci�n] Empleado valentina@salon-aramis.com creado.&#xD;
===========================================================================&#xD;
   Datos demo cargados exitosamente&#xD;
===========================================================================&#xD;
V [Recuperaci�n] Empleado valentina@salon-aramis.com creado.&#xD;
===========================================================================&#xD;
   Datos demo cargados exitosamente&#xD;
===========================================================================&#xD;
V [Recuperaci�n] Empleado valentina@salon-aramis.com creado.&#xD;
===========================================================================&#xD;
   Datos demo cargados exitosamente&#xD;
===========================================================================&#xD;
V [Recuperaci�n] Empleado valentina@salon-aramis.com creado.&#xD;
===========================================================================&#xD;
   Datos demo cargados exitosamente&#xD;
===========================================================================&#xD;
V [Recuperaci�n] Empleado valentina@salon-aramis.com creado.&#xD;
===========================================================================&#xD;
   Datos demo cargados exitosamente&#xD;
===========================================================================&#xD;
V [Recuperaci�n] Empleado valentina@salon-aramis.com creado.&#xD;
===========================================================================&#xD;
   Datos demo cargados exitosamente&#xD;
===========================================================================&#xD;
V [Recuperaci�n] Empleado valentina@salon-aramis.com creado.&#xD;
===========================================================================&#xD;
   Datos demo cargados exitosamente&#xD;
===========================================================================&#xD;
V [Recuperaci�n] Empleado valentina@salon-aramis.com creado.&#xD;
===========================================================================&#xD;
   Datos demo cargados exitosamente&#xD;
===========================================================================&#xD;
V [Recuperaci�n] Empleado valentina@salon-aramis.com creado.&#xD;
===========================================================================&#xD;
   Datos demo cargados exitosamente&#xD;
===========================================================================&#xD;
V [Recuperaci�n] Empleado valentina@salon-aramis.com creado.&#xD;
===========================================================================&#xD;
   Datos demo cargados exitosamente&#xD;
===========================================================================&#xD;
V [Recuperaci�n] Empleado valentina@salon-aramis.com creado.&#xD;
===========================================================================&#xD;
   Datos demo cargados exitosamente&#xD;
===========================================================================&#xD;
V Rol 'SuperAdmin' creado.&#xD;
V Rol 'Propietario' creado.&#xD;
V Rol 'Empleado' creado.&#xD;
V 3 planes insertados.&#xD;
V Negocio 'Barberia Luis' creado.&#xD;
V 3 categorias de servicios creadas.&#xD;
V 4 servicios creados.&#xD;
V 2 empleados creados.&#xD;
V Horarios semanales asignados (Lunes a Sabado).&#xD;
V Servicios asignados a empleados.&#xD;
V Usuario SuperAdmin creado: admin@appointva.com / Admin123!&#xD;
V Usuario Propietario creado: luis@barberia-luis.com / Luis123!&#xD;
V Usuario Empleado creado: carlos@barberia-luis.com / Carlos123!&#xD;
V Negocio 'Sal�n Aramis' creado.&#xD;
V 4 categor�as creadas para Sal�n Aramis.&#xD;
V 8 servicios creados para Sal�n Aramis.&#xD;
V 3 empleados creados para Sal�n Aramis.&#xD;
V Horarios asignados a empleados de Sal�n Aramis.&#xD;
V Servicios asignados a empleados de Sal�n Aramis.&#xD;
V Horarios del negocio Sal�n Aramis guardados.&#xD;
V 8 clientes creados para Sal�n Aramis.&#xD;
V 26 citas creadas para Sal�n Aramis.&#xD;
V Estad�sticas de clientes actualizadas.&#xD;
V [Recuperaci�n] Propietario aramis@salon-aramis.com creado.&#xD;
V [Recuperaci�n] Empleado sofia@salon-aramis.com creado.&#xD;
V [Recuperaci�n] Empleado valentina@salon-aramis.com creado.&#xD;
===========================================================================&#xD;
   Datos demo cargados exitosamente&#xD;
===========================================================================&#xD;
[14:06:33 WRN] Failed to determine the https port for redirect.&#xD;
[14:06:33 WRN] Failed to determine the https port for redirect.&#xD;
[14:06:33 WRN] Failed to determine the https port for redirect.&#xD;
[14:06:33 WRN] Failed to determine the https port for redirect.&#xD;
[14:06:33 WRN] Failed to determine the https port for redirect.&#xD;
[14:06:33 WRN] Failed to determine the https port for redirect.&#xD;
[14:06:33 WRN] Failed to determine the https port for redirect.&#xD;
[14:06:33 WRN] Failed to determine the https port for redirect.&#xD;
[14:06:33 WRN] Failed to determine the https port for redirect.&#xD;
[14:06:33 WRN] Failed to determine the https port for redirect.&#xD;
[14:06:33 WRN] Failed to determine the https port for redirect.&#xD;
[14:06:33 WRN] Failed to determine the https port for redirect.&#xD;
[14:06:33 WRN] Failed to determine the https port for redirect.&#xD;
[14:06:33 WRN] Failed to determine the https port for redirect.&#xD;
[14:06:33 WRN] Failed to determine the https port for redirect.&#xD;
[14:06:33 WRN] Failed to determine the https port for redirect.&#xD;
[14:06:33 WRN] Failed to determine the https port for redirect.&#xD;
[14:06:33 WRN] Failed to determine the https port for redirect.&#xD;
[14:06:33 WRN] Failed to determine the https port for redirect.&#xD;
[14:06:33 WRN] Failed to determine the https port for redirect.&#xD;
[14:06:33 WRN] Failed to determine the https port for redirect.&#xD;
[14:06:33 WRN] Failed to determine the https port for redirect.&#xD;
[14:06:33 WRN] Failed to determine the https port for redirect.&#xD;
[14:06:33 WRN] Failed to determine the https port for redirect.&#xD;
V Rol 'SuperAdmin' creado.&#xD;
V Rol 'Propietario' creado.&#xD;
V Rol 'Empleado' creado.&#xD;
V 3 planes insertados.&#xD;
V Negocio 'Barberia Luis' creado.&#xD;
V 3 categorias de servicios creadas.&#xD;
V 4 servicios creados.&#xD;
V 2 empleados creados.&#xD;
V Horarios semanales asignados (Lunes a Sabado).&#xD;
V Servicios asignados a empleados.&#xD;
V Usuario SuperAdmin creado: admin@appointva.com / Admin123!&#xD;
V Usuario Propietario creado: luis@barberia-luis.com / Luis123!&#xD;
[xUnit.net 00:00:05.61]       Assert.Equal() Failure: Values differ&#xD;
[xUnit.net 00:00:05.61]       Expected: OK&#xD;
[xUnit.net 00:00:05.61]       Actual:   Forbidden&#xD;
[xUnit.net 00:00:05.61]       Stack Trace:&#xD;
[xUnit.net 00:00:05.61]         C:\Cursos\AppointVa\Back\AppointVaAPI\AppointVaAPI.Tests\Controllers\Integration\CitasAnticipoTests.cs(116,0): at AppointVaAPI.Tests.Controllers.Integration.CitasAnticipoTests.MarcarAnticipo_ComoEmpleado_Devuelve200()&#xD;
[xUnit.net 00:00:05.61]         --- End of stack trace from previous location ---&#xD;
V Usuario Empleado creado: carlos@barberia-luis.com / Carlos123!&#xD;
V Negocio 'Sal�n Aramis' creado.&#xD;
V 4 categor�as creadas para Sal�n Aramis.&#xD;
V 8 servicios creados para Sal�n Aramis.&#xD;
V 3 empleados creados para Sal�n Aramis.&#xD;
V Horarios asignados a empleados de Sal�n Aramis.&#xD;
V Servicios asignados a empleados de Sal�n Aramis.&#xD;
V Horarios del negocio Sal�n Aramis guardados.&#xD;
V 8 clientes creados para Sal�n Aramis.&#xD;
V 26 citas creadas para Sal�n Aramis.&#xD;
V Estad�sticas de clientes actualizadas.&#xD;
V [Recuperaci�n] Propietario aramis@salon-aramis.com creado.&#xD;
V [Recuperaci�n] Empleado sofia@salon-aramis.com creado.&#xD;
V [Recuperaci�n] Empleado valentina@salon-aramis.com creado.&#xD;
===========================================================================&#xD;
   Datos demo cargados exitosamente&#xD;
===========================================================================&#xD;
[14:06:33 WRN] Failed to determine the https port for redirect.&#xD;
[xUnit.net 00:00:05.90]   Finished:    AppointVaAPI.Tests&#xD;
</StdOut>
    </Output>
    <RunInfos>
      <RunInfo computerName="RFACIL-07-DEV" outcome="Error" timestamp="2026-08-14T14:06:29.0123025-06:00">
        <Text>[xUnit.net 00:00:00.87]     AppointVaAPI.Tests.Services.EmailTemplatesTests.PlantillaRecordatorio_ConGoogleCal_ContainsCalendarLink [FAIL]</Text>
      </RunInfo>
      <RunInfo computerName="RFACIL-07-DEV" outcome="Error" timestamp="2026-08-14T14:06:29.0170757-06:00">
        <Text>[xUnit.net 00:00:00.88]     AppointVaAPI.Tests.Services.EmailTemplatesTests.PlantillaRecordatorio_ContainsExpectedContent [FAIL]</Text>
      </RunInfo>
      <RunInfo computerName="RFACIL-07-DEV" outcome="Error" timestamp="2026-08-14T14:06:33.7511362-06:00">
        <Text>[xUnit.net 00:00:05.61]     AppointVaAPI.Tests.Controllers.Integration.CitasAnticipoTests.MarcarAnticipo_ComoEmpleado_Devuelve200 [FAIL]</Text>
      </RunInfo>
    </RunInfos>
  </ResultSummary>
</TestRun>